{"D:\\Hacktiv8\\phase3\\WEEK 3\\FINAL PROJECT\\server\\app.js": {"path":"D:\\Hacktiv8\\phase3\\WEEK 3\\FINAL PROJECT\\server\\app.js","statementMap":{"0":{"start":{"line":1,"column":0},"end":{"line":3,"column":1}},"1":{"start":{"line":2,"column":1},"end":{"line":2,"column":28}},"2":{"start":{"line":5,"column":13},"end":{"line":5,"column":28}},"3":{"start":{"line":6,"column":16},"end":{"line":6,"column":34}},"4":{"start":{"line":7,"column":12},"end":{"line":7,"column":21}},"5":{"start":{"line":8,"column":15},"end":{"line":8,"column":35}},"6":{"start":{"line":9,"column":21},"end":{"line":9,"column":58}},"7":{"start":{"line":11,"column":0},"end":{"line":11,"column":16}},"8":{"start":{"line":12,"column":0},"end":{"line":12,"column":48}},"9":{"start":{"line":13,"column":0},"end":{"line":13,"column":24}},"10":{"start":{"line":15,"column":0},"end":{"line":15,"column":16}},"11":{"start":{"line":16,"column":0},"end":{"line":16,"column":22}},"12":{"start":{"line":18,"column":0},"end":{"line":18,"column":20}}},"fnMap":{},"branchMap":{"0":{"loc":{"start":{"line":1,"column":0},"end":{"line":3,"column":1}},"type":"if","locations":[{"start":{"line":1,"column":0},"end":{"line":3,"column":1}},{"start":{},"end":{}}],"line":1}},"s":{"0":1,"1":1,"2":1,"3":1,"4":1,"5":1,"6":1,"7":1,"8":1,"9":1,"10":1,"11":1,"12":1},"f":{},"b":{"0":[1,0]},"_coverageSchema":"1a1c01bbd47fc00a2c39e90264f33305004495a9","hash":"d9cb431e36d016f93794a90249b2d98c544c19fe"}
,"D:\\Hacktiv8\\phase3\\WEEK 3\\FINAL PROJECT\\server\\controllers\\cities.js": {"path":"D:\\Hacktiv8\\phase3\\WEEK 3\\FINAL PROJECT\\server\\controllers\\cities.js","statementMap":{"0":{"start":{"line":1,"column":47},"end":{"line":1,"column":67}},"1":{"start":{"line":5,"column":4},"end":{"line":10,"column":5}},"2":{"start":{"line":6,"column":21},"end":{"line":6,"column":41}},"3":{"start":{"line":7,"column":6},"end":{"line":7,"column":35}},"4":{"start":{"line":9,"column":6},"end":{"line":9,"column":18}},"5":{"start":{"line":14,"column":4},"end":{"line":38,"column":5}},"6":{"start":{"line":15,"column":23},"end":{"line":15,"column":33}},"7":{"start":{"line":16,"column":23},"end":{"line":19,"column":8}},"8":{"start":{"line":20,"column":30},"end":{"line":24,"column":8}},"9":{"start":{"line":25,"column":24},"end":{"line":29,"column":8}},"10":{"start":{"line":30,"column":6},"end":{"line":30,"column":49}},"11":{"start":{"line":30,"column":21},"end":{"line":30,"column":49}},"12":{"start":{"line":31,"column":6},"end":{"line":35,"column":9}},"13":{"start":{"line":37,"column":6},"end":{"line":37,"column":18}},"14":{"start":{"line":42,"column":4},"end":{"line":59,"column":5}},"15":{"start":{"line":43,"column":53},"end":{"line":43,"column":61}},"16":{"start":{"line":44,"column":19},"end":{"line":44,"column":58}},"17":{"start":{"line":46,"column":27},"end":{"line":46,"column":62}},"18":{"start":{"line":47,"column":6},"end":{"line":47,"column":53}},"19":{"start":{"line":47,"column":25},"end":{"line":47,"column":53}},"20":{"start":{"line":49,"column":22},"end":{"line":55,"column":8}},"21":{"start":{"line":56,"column":6},"end":{"line":56,"column":72}},"22":{"start":{"line":58,"column":6},"end":{"line":58,"column":18}},"23":{"start":{"line":63,"column":4},"end":{"line":78,"column":5}},"24":{"start":{"line":64,"column":23},"end":{"line":64,"column":33}},"25":{"start":{"line":65,"column":53},"end":{"line":65,"column":61}},"26":{"start":{"line":68,"column":23},"end":{"line":68,"column":62}},"27":{"start":{"line":69,"column":6},"end":{"line":69,"column":49}},"28":{"start":{"line":69,"column":21},"end":{"line":69,"column":49}},"29":{"start":{"line":71,"column":27},"end":{"line":71,"column":62}},"30":{"start":{"line":72,"column":6},"end":{"line":72,"column":53}},"31":{"start":{"line":72,"column":25},"end":{"line":72,"column":53}},"32":{"start":{"line":74,"column":6},"end":{"line":74,"column":64}},"33":{"start":{"line":75,"column":6},"end":{"line":75,"column":73}},"34":{"start":{"line":77,"column":6},"end":{"line":77,"column":18}},"35":{"start":{"line":82,"column":0},"end":{"line":82,"column":32}}},"fnMap":{"0":{"name":"(anonymous_0)","decl":{"start":{"line":4,"column":2},"end":{"line":4,"column":3}},"loc":{"start":{"line":4,"column":41},"end":{"line":11,"column":3}},"line":4},"1":{"name":"(anonymous_1)","decl":{"start":{"line":13,"column":2},"end":{"line":13,"column":3}},"loc":{"start":{"line":13,"column":43},"end":{"line":39,"column":3}},"line":13},"2":{"name":"(anonymous_2)","decl":{"start":{"line":41,"column":2},"end":{"line":41,"column":3}},"loc":{"start":{"line":41,"column":39},"end":{"line":60,"column":3}},"line":41},"3":{"name":"(anonymous_3)","decl":{"start":{"line":62,"column":2},"end":{"line":62,"column":3}},"loc":{"start":{"line":62,"column":40},"end":{"line":79,"column":3}},"line":62}},"branchMap":{"0":{"loc":{"start":{"line":30,"column":6},"end":{"line":30,"column":49}},"type":"if","locations":[{"start":{"line":30,"column":6},"end":{"line":30,"column":49}},{"start":{},"end":{}}],"line":30},"1":{"loc":{"start":{"line":47,"column":6},"end":{"line":47,"column":53}},"type":"if","locations":[{"start":{"line":47,"column":6},"end":{"line":47,"column":53}},{"start":{},"end":{}}],"line":47},"2":{"loc":{"start":{"line":69,"column":6},"end":{"line":69,"column":49}},"type":"if","locations":[{"start":{"line":69,"column":6},"end":{"line":69,"column":49}},{"start":{},"end":{}}],"line":69},"3":{"loc":{"start":{"line":72,"column":6},"end":{"line":72,"column":53}},"type":"if","locations":[{"start":{"line":72,"column":6},"end":{"line":72,"column":53}},{"start":{},"end":{}}],"line":72}},"s":{"0":1,"1":0,"2":0,"3":0,"4":0,"5":0,"6":0,"7":0,"8":0,"9":0,"10":0,"11":0,"12":0,"13":0,"14":0,"15":0,"16":0,"17":0,"18":0,"19":0,"20":0,"21":0,"22":0,"23":0,"24":0,"25":0,"26":0,"27":0,"28":0,"29":0,"30":0,"31":0,"32":0,"33":0,"34":0,"35":1},"f":{"0":0,"1":0,"2":0,"3":0},"b":{"0":[0,0],"1":[0,0],"2":[0,0],"3":[0,0]},"_coverageSchema":"1a1c01bbd47fc00a2c39e90264f33305004495a9","hash":"cc1d62492a0b6ca937f4f9d1f2d30b5bf7740b50"}
,"D:\\Hacktiv8\\phase3\\WEEK 3\\FINAL PROJECT\\server\\controllers\\destinations.js": {"path":"D:\\Hacktiv8\\phase3\\WEEK 3\\FINAL PROJECT\\server\\controllers\\destinations.js","statementMap":{"0":{"start":{"line":1,"column":56},"end":{"line":1,"column":76}},"1":{"start":{"line":5,"column":14},"end":{"line":5,"column":43}},"2":{"start":{"line":6,"column":4},"end":{"line":27,"column":5}},"3":{"start":{"line":7,"column":74},"end":{"line":7,"column":82}},"4":{"start":{"line":8,"column":21},"end":{"line":8,"column":32}},"5":{"start":{"line":9,"column":19},"end":{"line":9,"column":58}},"6":{"start":{"line":11,"column":29},"end":{"line":11,"column":140}},"7":{"start":{"line":12,"column":6},"end":{"line":20,"column":7}},"8":{"start":{"line":13,"column":23},"end":{"line":18,"column":10}},"9":{"start":{"line":14,"column":10},"end":{"line":17,"column":11}},"10":{"start":{"line":19,"column":8},"end":{"line":19,"column":58}},"11":{"start":{"line":22,"column":6},"end":{"line":22,"column":22}},"12":{"start":{"line":23,"column":6},"end":{"line":23,"column":52}},"13":{"start":{"line":25,"column":6},"end":{"line":25,"column":24}},"14":{"start":{"line":26,"column":6},"end":{"line":26,"column":17}},"15":{"start":{"line":30,"column":4},"end":{"line":41,"column":5}},"16":{"start":{"line":31,"column":27},"end":{"line":36,"column":8}},"17":{"start":{"line":38,"column":6},"end":{"line":38,"column":40}},"18":{"start":{"line":40,"column":6},"end":{"line":40,"column":17}},"19":{"start":{"line":44,"column":4},"end":{"line":58,"column":5}},"20":{"start":{"line":45,"column":23},"end":{"line":45,"column":33}},"21":{"start":{"line":47,"column":26},"end":{"line":53,"column":8}},"22":{"start":{"line":55,"column":6},"end":{"line":55,"column":39}},"23":{"start":{"line":57,"column":6},"end":{"line":57,"column":17}},"24":{"start":{"line":62,"column":0},"end":{"line":62,"column":38}}},"fnMap":{"0":{"name":"(anonymous_0)","decl":{"start":{"line":4,"column":2},"end":{"line":4,"column":3}},"loc":{"start":{"line":4,"column":49},"end":{"line":28,"column":3}},"line":4},"1":{"name":"(anonymous_1)","decl":{"start":{"line":13,"column":34},"end":{"line":13,"column":35}},"loc":{"start":{"line":13,"column":40},"end":{"line":18,"column":9}},"line":13},"2":{"name":"(anonymous_2)","decl":{"start":{"line":29,"column":2},"end":{"line":29,"column":3}},"loc":{"start":{"line":29,"column":50},"end":{"line":42,"column":3}},"line":29},"3":{"name":"(anonymous_3)","decl":{"start":{"line":43,"column":2},"end":{"line":43,"column":3}},"loc":{"start":{"line":43,"column":50},"end":{"line":59,"column":3}},"line":43}},"branchMap":{"0":{"loc":{"start":{"line":12,"column":6},"end":{"line":20,"column":7}},"type":"if","locations":[{"start":{"line":12,"column":6},"end":{"line":20,"column":7}},{"start":{},"end":{}}],"line":12}},"s":{"0":1,"1":0,"2":0,"3":0,"4":0,"5":0,"6":0,"7":0,"8":0,"9":0,"10":0,"11":0,"12":0,"13":0,"14":0,"15":0,"16":0,"17":0,"18":0,"19":0,"20":0,"21":0,"22":0,"23":0,"24":1},"f":{"0":0,"1":0,"2":0,"3":0},"b":{"0":[0,0]},"_coverageSchema":"1a1c01bbd47fc00a2c39e90264f33305004495a9","hash":"bcc223e23ce33bbffcf378c69f6797168cfd41f7"}
,"D:\\Hacktiv8\\phase3\\WEEK 3\\FINAL PROJECT\\server\\controllers\\index.js": {"path":"D:\\Hacktiv8\\phase3\\WEEK 3\\FINAL PROJECT\\server\\controllers\\index.js","statementMap":{"0":{"start":{"line":1,"column":17},"end":{"line":1,"column":37}},"1":{"start":{"line":2,"column":28},"end":{"line":2,"column":58}},"2":{"start":{"line":3,"column":24},"end":{"line":3,"column":58}},"3":{"start":{"line":7,"column":6},"end":{"line":17,"column":7}},"4":{"start":{"line":8,"column":25},"end":{"line":8,"column":28}},"5":{"start":{"line":10,"column":25},"end":{"line":10,"column":48}},"6":{"start":{"line":12,"column":8},"end":{"line":14,"column":11}},"7":{"start":{"line":16,"column":8},"end":{"line":16,"column":20}},"8":{"start":{"line":21,"column":4},"end":{"line":48,"column":5}},"9":{"start":{"line":22,"column":34},"end":{"line":22,"column":42}},"10":{"start":{"line":24,"column":6},"end":{"line":26,"column":7}},"11":{"start":{"line":25,"column":8},"end":{"line":25,"column":44}},"12":{"start":{"line":28,"column":6},"end":{"line":30,"column":7}},"13":{"start":{"line":29,"column":8},"end":{"line":29,"column":47}},"14":{"start":{"line":32,"column":23},"end":{"line":32,"column":63}},"15":{"start":{"line":34,"column":6},"end":{"line":36,"column":7}},"16":{"start":{"line":35,"column":8},"end":{"line":35,"column":52}},"17":{"start":{"line":38,"column":6},"end":{"line":40,"column":7}},"18":{"start":{"line":39,"column":8},"end":{"line":39,"column":52}},"19":{"start":{"line":42,"column":6},"end":{"line":45,"column":9}},"20":{"start":{"line":47,"column":6},"end":{"line":47,"column":18}},"21":{"start":{"line":52,"column":0},"end":{"line":52,"column":28}}},"fnMap":{"0":{"name":"(anonymous_0)","decl":{"start":{"line":6,"column":2},"end":{"line":6,"column":3}},"loc":{"start":{"line":6,"column":40},"end":{"line":18,"column":3}},"line":6},"1":{"name":"(anonymous_1)","decl":{"start":{"line":20,"column":2},"end":{"line":20,"column":3}},"loc":{"start":{"line":20,"column":37},"end":{"line":49,"column":3}},"line":20}},"branchMap":{"0":{"loc":{"start":{"line":24,"column":6},"end":{"line":26,"column":7}},"type":"if","locations":[{"start":{"line":24,"column":6},"end":{"line":26,"column":7}},{"start":{},"end":{}}],"line":24},"1":{"loc":{"start":{"line":28,"column":6},"end":{"line":30,"column":7}},"type":"if","locations":[{"start":{"line":28,"column":6},"end":{"line":30,"column":7}},{"start":{},"end":{}}],"line":28},"2":{"loc":{"start":{"line":34,"column":6},"end":{"line":36,"column":7}},"type":"if","locations":[{"start":{"line":34,"column":6},"end":{"line":36,"column":7}},{"start":{},"end":{}}],"line":34},"3":{"loc":{"start":{"line":38,"column":6},"end":{"line":40,"column":7}},"type":"if","locations":[{"start":{"line":38,"column":6},"end":{"line":40,"column":7}},{"start":{},"end":{}}],"line":38}},"s":{"0":1,"1":1,"2":1,"3":0,"4":0,"5":0,"6":0,"7":0,"8":0,"9":0,"10":0,"11":0,"12":0,"13":0,"14":0,"15":0,"16":0,"17":0,"18":0,"19":0,"20":0,"21":1},"f":{"0":0,"1":0},"b":{"0":[0,0],"1":[0,0],"2":[0,0],"3":[0,0]},"_coverageSchema":"1a1c01bbd47fc00a2c39e90264f33305004495a9","hash":"5dabf1db3f3a441a82a5a3f06fd200ba381f5f35"}
,"D:\\Hacktiv8\\phase3\\WEEK 3\\FINAL PROJECT\\server\\controllers\\provinces.js": {"path":"D:\\Hacktiv8\\phase3\\WEEK 3\\FINAL PROJECT\\server\\controllers\\provinces.js","statementMap":{"0":{"start":{"line":1,"column":21},"end":{"line":1,"column":41}},"1":{"start":{"line":5,"column":8},"end":{"line":12,"column":9}},"2":{"start":{"line":6,"column":27},"end":{"line":6,"column":35}},"3":{"start":{"line":8,"column":30},"end":{"line":8,"column":61}},"4":{"start":{"line":9,"column":12},"end":{"line":9,"column":87}},"5":{"start":{"line":11,"column":12},"end":{"line":11,"column":24}},"6":{"start":{"line":16,"column":8},"end":{"line":29,"column":9}},"7":{"start":{"line":17,"column":27},"end":{"line":17,"column":35}},"8":{"start":{"line":18,"column":26},"end":{"line":18,"column":36}},"9":{"start":{"line":20,"column":34},"end":{"line":20,"column":61}},"10":{"start":{"line":21,"column":12},"end":{"line":21,"column":61}},"11":{"start":{"line":21,"column":34},"end":{"line":21,"column":61}},"12":{"start":{"line":23,"column":28},"end":{"line":23,"column":48}},"13":{"start":{"line":24,"column":12},"end":{"line":24,"column":48}},"14":{"start":{"line":26,"column":12},"end":{"line":26,"column":85}},"15":{"start":{"line":28,"column":12},"end":{"line":28,"column":24}},"16":{"start":{"line":33,"column":8},"end":{"line":43,"column":9}},"17":{"start":{"line":34,"column":25},"end":{"line":34,"column":35}},"18":{"start":{"line":36,"column":33},"end":{"line":36,"column":60}},"19":{"start":{"line":37,"column":12},"end":{"line":37,"column":59}},"20":{"start":{"line":37,"column":33},"end":{"line":37,"column":59}},"21":{"start":{"line":39,"column":12},"end":{"line":39,"column":42}},"22":{"start":{"line":40,"column":12},"end":{"line":40,"column":95}},"23":{"start":{"line":42,"column":12},"end":{"line":42,"column":24}},"24":{"start":{"line":47,"column":8},"end":{"line":53,"column":9}},"25":{"start":{"line":48,"column":31},"end":{"line":48,"column":55}},"26":{"start":{"line":49,"column":12},"end":{"line":49,"column":46}},"27":{"start":{"line":51,"column":12},"end":{"line":51,"column":31}},"28":{"start":{"line":52,"column":12},"end":{"line":52,"column":23}},"29":{"start":{"line":57,"column":0},"end":{"line":57,"column":35}}},"fnMap":{"0":{"name":"(anonymous_0)","decl":{"start":{"line":4,"column":4},"end":{"line":4,"column":5}},"loc":{"start":{"line":4,"column":45},"end":{"line":13,"column":5}},"line":4},"1":{"name":"(anonymous_1)","decl":{"start":{"line":15,"column":4},"end":{"line":15,"column":5}},"loc":{"start":{"line":15,"column":44},"end":{"line":30,"column":5}},"line":15},"2":{"name":"(anonymous_2)","decl":{"start":{"line":32,"column":4},"end":{"line":32,"column":5}},"loc":{"start":{"line":32,"column":44},"end":{"line":44,"column":5}},"line":32},"3":{"name":"(anonymous_3)","decl":{"start":{"line":46,"column":4},"end":{"line":46,"column":5}},"loc":{"start":{"line":46,"column":45},"end":{"line":54,"column":5}},"line":46}},"branchMap":{"0":{"loc":{"start":{"line":21,"column":12},"end":{"line":21,"column":61}},"type":"if","locations":[{"start":{"line":21,"column":12},"end":{"line":21,"column":61}},{"start":{},"end":{}}],"line":21},"1":{"loc":{"start":{"line":37,"column":12},"end":{"line":37,"column":59}},"type":"if","locations":[{"start":{"line":37,"column":12},"end":{"line":37,"column":59}},{"start":{},"end":{}}],"line":37}},"s":{"0":1,"1":0,"2":0,"3":0,"4":0,"5":0,"6":0,"7":0,"8":0,"9":0,"10":0,"11":0,"12":0,"13":0,"14":0,"15":0,"16":0,"17":0,"18":0,"19":0,"20":0,"21":0,"22":0,"23":0,"24":0,"25":0,"26":0,"27":0,"28":0,"29":1},"f":{"0":0,"1":0,"2":0,"3":0},"b":{"0":[0,0],"1":[0,0]},"_coverageSchema":"1a1c01bbd47fc00a2c39e90264f33305004495a9","hash":"ce01aeac7c0a3139673f5fc8fbb1995fcb60c825"}
,"D:\\Hacktiv8\\phase3\\WEEK 3\\FINAL PROJECT\\server\\controllers\\reviews.js": {"path":"D:\\Hacktiv8\\phase3\\WEEK 3\\FINAL PROJECT\\server\\controllers\\reviews.js","statementMap":{"0":{"start":{"line":1,"column":25},"end":{"line":1,"column":45}},"1":{"start":{"line":5,"column":4},"end":{"line":31,"column":5}},"2":{"start":{"line":6,"column":68},"end":{"line":6,"column":76}},"3":{"start":{"line":7,"column":19},"end":{"line":7,"column":30}},"4":{"start":{"line":8,"column":22},"end":{"line":16,"column":8}},"5":{"start":{"line":18,"column":23},"end":{"line":18,"column":50}},"6":{"start":{"line":20,"column":3},"end":{"line":22,"column":7}},"7":{"start":{"line":21,"column":8},"end":{"line":21,"column":42}},"8":{"start":{"line":24,"column":6},"end":{"line":24,"column":79}},"9":{"start":{"line":26,"column":6},"end":{"line":28,"column":78}},"10":{"start":{"line":30,"column":6},"end":{"line":30,"column":18}},"11":{"start":{"line":35,"column":4},"end":{"line":55,"column":5}},"12":{"start":{"line":36,"column":68},"end":{"line":36,"column":76}},"13":{"start":{"line":37,"column":19},"end":{"line":37,"column":29}},"14":{"start":{"line":39,"column":25},"end":{"line":39,"column":50}},"15":{"start":{"line":40,"column":6},"end":{"line":40,"column":53}},"16":{"start":{"line":40,"column":25},"end":{"line":40,"column":53}},"17":{"start":{"line":42,"column":6},"end":{"line":49,"column":9}},"18":{"start":{"line":50,"column":6},"end":{"line":52,"column":77}},"19":{"start":{"line":54,"column":6},"end":{"line":54,"column":18}},"20":{"start":{"line":59,"column":4},"end":{"line":71,"column":5}},"21":{"start":{"line":60,"column":19},"end":{"line":60,"column":29}},"22":{"start":{"line":62,"column":25},"end":{"line":62,"column":50}},"23":{"start":{"line":63,"column":6},"end":{"line":63,"column":53}},"24":{"start":{"line":63,"column":25},"end":{"line":63,"column":53}},"25":{"start":{"line":65,"column":6},"end":{"line":65,"column":35}},"26":{"start":{"line":66,"column":6},"end":{"line":68,"column":77}},"27":{"start":{"line":70,"column":6},"end":{"line":70,"column":18}},"28":{"start":{"line":75,"column":4},"end":{"line":104,"column":5}},"29":{"start":{"line":76,"column":32},"end":{"line":76,"column":42}},"30":{"start":{"line":77,"column":31},"end":{"line":79,"column":8}},"31":{"start":{"line":80,"column":20},"end":{"line":80,"column":21}},"32":{"start":{"line":81,"column":19},"end":{"line":81,"column":20}},"33":{"start":{"line":82,"column":24},"end":{"line":82,"column":25}},"34":{"start":{"line":83,"column":22},"end":{"line":83,"column":23}},"35":{"start":{"line":84,"column":23},"end":{"line":84,"column":25}},"36":{"start":{"line":86,"column":6},"end":{"line":92,"column":9}},"37":{"start":{"line":87,"column":8},"end":{"line":87,"column":27}},"38":{"start":{"line":88,"column":8},"end":{"line":88,"column":25}},"39":{"start":{"line":89,"column":8},"end":{"line":89,"column":35}},"40":{"start":{"line":90,"column":8},"end":{"line":90,"column":31}},"41":{"start":{"line":91,"column":8},"end":{"line":91,"column":36}},"42":{"start":{"line":94,"column":27},"end":{"line":99,"column":7}},"43":{"start":{"line":101,"column":6},"end":{"line":101,"column":59}},"44":{"start":{"line":103,"column":6},"end":{"line":103,"column":18}},"45":{"start":{"line":108,"column":0},"end":{"line":108,"column":34}}},"fnMap":{"0":{"name":"(anonymous_0)","decl":{"start":{"line":4,"column":2},"end":{"line":4,"column":3}},"loc":{"start":{"line":4,"column":42},"end":{"line":32,"column":3}},"line":4},"1":{"name":"(anonymous_1)","decl":{"start":{"line":34,"column":2},"end":{"line":34,"column":3}},"loc":{"start":{"line":34,"column":41},"end":{"line":56,"column":3}},"line":34},"2":{"name":"(anonymous_2)","decl":{"start":{"line":58,"column":2},"end":{"line":58,"column":3}},"loc":{"start":{"line":58,"column":41},"end":{"line":72,"column":3}},"line":58},"3":{"name":"(anonymous_3)","decl":{"start":{"line":74,"column":2},"end":{"line":74,"column":3}},"loc":{"start":{"line":74,"column":54},"end":{"line":105,"column":3}},"line":74},"4":{"name":"(anonymous_4)","decl":{"start":{"line":86,"column":33},"end":{"line":86,"column":34}},"loc":{"start":{"line":86,"column":41},"end":{"line":92,"column":7}},"line":86}},"branchMap":{"0":{"loc":{"start":{"line":20,"column":3},"end":{"line":22,"column":7}},"type":"if","locations":[{"start":{"line":20,"column":3},"end":{"line":22,"column":7}},{"start":{},"end":{}}],"line":20},"1":{"loc":{"start":{"line":40,"column":6},"end":{"line":40,"column":53}},"type":"if","locations":[{"start":{"line":40,"column":6},"end":{"line":40,"column":53}},{"start":{},"end":{}}],"line":40},"2":{"loc":{"start":{"line":63,"column":6},"end":{"line":63,"column":53}},"type":"if","locations":[{"start":{"line":63,"column":6},"end":{"line":63,"column":53}},{"start":{},"end":{}}],"line":63}},"s":{"0":1,"1":0,"2":0,"3":0,"4":0,"5":0,"6":0,"7":0,"8":0,"9":0,"10":0,"11":0,"12":0,"13":0,"14":0,"15":0,"16":0,"17":0,"18":0,"19":0,"20":0,"21":0,"22":0,"23":0,"24":0,"25":0,"26":0,"27":0,"28":0,"29":0,"30":0,"31":0,"32":0,"33":0,"34":0,"35":0,"36":0,"37":0,"38":0,"39":0,"40":0,"41":0,"42":0,"43":0,"44":0,"45":1},"f":{"0":0,"1":0,"2":0,"3":0,"4":0},"b":{"0":[0,0],"1":[0,0],"2":[0,0]},"_coverageSchema":"1a1c01bbd47fc00a2c39e90264f33305004495a9","hash":"a86240a18adc2b47a7f1261b64c8c3db98d213a7"}
,"D:\\Hacktiv8\\phase3\\WEEK 3\\FINAL PROJECT\\server\\controllers\\travelSteps.js": {"path":"D:\\Hacktiv8\\phase3\\WEEK 3\\FINAL PROJECT\\server\\controllers\\travelSteps.js","statementMap":{"0":{"start":{"line":1,"column":77},"end":{"line":1,"column":97}},"1":{"start":{"line":2,"column":15},"end":{"line":2,"column":35}},"2":{"start":{"line":6,"column":4},"end":{"line":11,"column":5}},"3":{"start":{"line":7,"column":34},"end":{"line":7,"column":42}},"4":{"start":{"line":10,"column":6},"end":{"line":10,"column":17}},"5":{"start":{"line":14,"column":4},"end":{"line":19,"column":5}},"6":{"start":{"line":15,"column":21},"end":{"line":15,"column":32}},"7":{"start":{"line":18,"column":6},"end":{"line":18,"column":17}},"8":{"start":{"line":22,"column":4},"end":{"line":69,"column":5}},"9":{"start":{"line":23,"column":92},"end":{"line":23,"column":100}},"10":{"start":{"line":24,"column":6},"end":{"line":26,"column":7}},"11":{"start":{"line":25,"column":8},"end":{"line":25,"column":49}},"12":{"start":{"line":27,"column":21},"end":{"line":32,"column":8}},"13":{"start":{"line":33,"column":6},"end":{"line":33,"column":66}},"14":{"start":{"line":34,"column":27},"end":{"line":39,"column":8}},"15":{"start":{"line":40,"column":6},"end":{"line":42,"column":7}},"16":{"start":{"line":41,"column":8},"end":{"line":41,"column":42}},"17":{"start":{"line":43,"column":6},"end":{"line":45,"column":7}},"18":{"start":{"line":44,"column":8},"end":{"line":44,"column":48}},"19":{"start":{"line":46,"column":25},"end":{"line":46,"column":27}},"20":{"start":{"line":47,"column":38},"end":{"line":47,"column":115}},"21":{"start":{"line":48,"column":6},"end":{"line":61,"column":7}},"22":{"start":{"line":49,"column":8},"end":{"line":60,"column":9}},"23":{"start":{"line":50,"column":25},"end":{"line":50,"column":29}},"24":{"start":{"line":51,"column":10},"end":{"line":56,"column":11}},"25":{"start":{"line":52,"column":26},"end":{"line":52,"column":106}},"26":{"start":{"line":52,"column":53},"end":{"line":52,"column":105}},"27":{"start":{"line":52,"column":86},"end":{"line":52,"column":91}},"28":{"start":{"line":53,"column":12},"end":{"line":55,"column":13}},"29":{"start":{"line":54,"column":14},"end":{"line":54,"column":31}},"30":{"start":{"line":57,"column":10},"end":{"line":59,"column":11}},"31":{"start":{"line":58,"column":12},"end":{"line":58,"column":76}},"32":{"start":{"line":62,"column":6},"end":{"line":64,"column":7}},"33":{"start":{"line":63,"column":8},"end":{"line":63,"column":48}},"34":{"start":{"line":65,"column":31},"end":{"line":65,"column":91}},"35":{"start":{"line":66,"column":6},"end":{"line":66,"column":61}},"36":{"start":{"line":68,"column":6},"end":{"line":68,"column":18}},"37":{"start":{"line":72,"column":23},"end":{"line":72,"column":25}},"38":{"start":{"line":73,"column":19},"end":{"line":73,"column":21}},"39":{"start":{"line":75,"column":6},"end":{"line":84,"column":7}},"40":{"start":{"line":76,"column":8},"end":{"line":78,"column":9}},"41":{"start":{"line":76,"column":21},"end":{"line":76,"column":22}},"42":{"start":{"line":77,"column":10},"end":{"line":77,"column":33}},"43":{"start":{"line":79,"column":8},"end":{"line":82,"column":9}},"44":{"start":{"line":80,"column":10},"end":{"line":80,"column":36}},"45":{"start":{"line":81,"column":10},"end":{"line":81,"column":24}},"46":{"start":{"line":83,"column":8},"end":{"line":83,"column":15}},"47":{"start":{"line":85,"column":6},"end":{"line":87,"column":7}},"48":{"start":{"line":86,"column":8},"end":{"line":86,"column":15}},"49":{"start":{"line":88,"column":6},"end":{"line":88,"column":27}},"50":{"start":{"line":89,"column":6},"end":{"line":89,"column":57}},"51":{"start":{"line":90,"column":6},"end":{"line":90,"column":53}},"52":{"start":{"line":93,"column":17},"end":{"line":93,"column":29}},"53":{"start":{"line":94,"column":6},"end":{"line":94,"column":45}},"54":{"start":{"line":96,"column":4},"end":{"line":96,"column":75}},"55":{"start":{"line":97,"column":4},"end":{"line":97,"column":22}},"56":{"start":{"line":100,"column":4},"end":{"line":112,"column":6}},"57":{"start":{"line":100,"column":37},"end":{"line":111,"column":9}},"58":{"start":{"line":101,"column":6},"end":{"line":103,"column":7}},"59":{"start":{"line":102,"column":8},"end":{"line":102,"column":39}},"60":{"start":{"line":104,"column":6},"end":{"line":104,"column":44}},"61":{"start":{"line":107,"column":8},"end":{"line":109,"column":9}},"62":{"start":{"line":108,"column":10},"end":{"line":108,"column":41}},"63":{"start":{"line":110,"column":8},"end":{"line":110,"column":46}},"64":{"start":{"line":116,"column":0},"end":{"line":116,"column":38}}},"fnMap":{"0":{"name":"(anonymous_0)","decl":{"start":{"line":5,"column":2},"end":{"line":5,"column":3}},"loc":{"start":{"line":5,"column":48},"end":{"line":12,"column":3}},"line":5},"1":{"name":"(anonymous_1)","decl":{"start":{"line":13,"column":2},"end":{"line":13,"column":3}},"loc":{"start":{"line":13,"column":49},"end":{"line":20,"column":3}},"line":13},"2":{"name":"(anonymous_2)","decl":{"start":{"line":21,"column":2},"end":{"line":21,"column":3}},"loc":{"start":{"line":21,"column":50},"end":{"line":70,"column":3}},"line":21},"3":{"name":"(anonymous_3)","decl":{"start":{"line":52,"column":47},"end":{"line":52,"column":48}},"loc":{"start":{"line":52,"column":53},"end":{"line":52,"column":105}},"line":52},"4":{"name":"(anonymous_4)","decl":{"start":{"line":52,"column":80},"end":{"line":52,"column":81}},"loc":{"start":{"line":52,"column":86},"end":{"line":52,"column":91}},"line":52},"5":{"name":"(anonymous_5)","decl":{"start":{"line":71,"column":2},"end":{"line":71,"column":3}},"loc":{"start":{"line":71,"column":64},"end":{"line":98,"column":3}},"line":71},"6":{"name":"combinationUtil","decl":{"start":{"line":74,"column":13},"end":{"line":74,"column":28}},"loc":{"start":{"line":74,"column":56},"end":{"line":91,"column":5}},"line":74},"7":{"name":"printCombination","decl":{"start":{"line":92,"column":13},"end":{"line":92,"column":29}},"loc":{"start":{"line":92,"column":41},"end":{"line":95,"column":5}},"line":92},"8":{"name":"(anonymous_8)","decl":{"start":{"line":99,"column":2},"end":{"line":99,"column":3}},"loc":{"start":{"line":99,"column":35},"end":{"line":113,"column":3}},"line":99},"9":{"name":"(anonymous_9)","decl":{"start":{"line":100,"column":27},"end":{"line":100,"column":28}},"loc":{"start":{"line":100,"column":37},"end":{"line":111,"column":9}},"line":100},"10":{"name":"(anonymous_10)","decl":{"start":{"line":100,"column":75},"end":{"line":100,"column":76}},"loc":{"start":{"line":100,"column":106},"end":{"line":105,"column":5}},"line":100},"11":{"name":"(anonymous_11)","decl":{"start":{"line":106,"column":44},"end":{"line":106,"column":45}},"loc":{"start":{"line":106,"column":75},"end":{"line":111,"column":7}},"line":106}},"branchMap":{"0":{"loc":{"start":{"line":24,"column":6},"end":{"line":26,"column":7}},"type":"if","locations":[{"start":{"line":24,"column":6},"end":{"line":26,"column":7}},{"start":{},"end":{}}],"line":24},"1":{"loc":{"start":{"line":40,"column":6},"end":{"line":42,"column":7}},"type":"if","locations":[{"start":{"line":40,"column":6},"end":{"line":42,"column":7}},{"start":{},"end":{}}],"line":40},"2":{"loc":{"start":{"line":43,"column":6},"end":{"line":45,"column":7}},"type":"if","locations":[{"start":{"line":43,"column":6},"end":{"line":45,"column":7}},{"start":{},"end":{}}],"line":43},"3":{"loc":{"start":{"line":51,"column":10},"end":{"line":56,"column":11}},"type":"if","locations":[{"start":{"line":51,"column":10},"end":{"line":56,"column":11}},{"start":{},"end":{}}],"line":51},"4":{"loc":{"start":{"line":53,"column":12},"end":{"line":55,"column":13}},"type":"if","locations":[{"start":{"line":53,"column":12},"end":{"line":55,"column":13}},{"start":{},"end":{}}],"line":53},"5":{"loc":{"start":{"line":57,"column":10},"end":{"line":59,"column":11}},"type":"if","locations":[{"start":{"line":57,"column":10},"end":{"line":59,"column":11}},{"start":{},"end":{}}],"line":57},"6":{"loc":{"start":{"line":62,"column":6},"end":{"line":64,"column":7}},"type":"if","locations":[{"start":{"line":62,"column":6},"end":{"line":64,"column":7}},{"start":{},"end":{}}],"line":62},"7":{"loc":{"start":{"line":75,"column":6},"end":{"line":84,"column":7}},"type":"if","locations":[{"start":{"line":75,"column":6},"end":{"line":84,"column":7}},{"start":{},"end":{}}],"line":75},"8":{"loc":{"start":{"line":79,"column":8},"end":{"line":82,"column":9}},"type":"if","locations":[{"start":{"line":79,"column":8},"end":{"line":82,"column":9}},{"start":{},"end":{}}],"line":79},"9":{"loc":{"start":{"line":85,"column":6},"end":{"line":87,"column":7}},"type":"if","locations":[{"start":{"line":85,"column":6},"end":{"line":87,"column":7}},{"start":{},"end":{}}],"line":85},"10":{"loc":{"start":{"line":101,"column":6},"end":{"line":103,"column":7}},"type":"if","locations":[{"start":{"line":101,"column":6},"end":{"line":103,"column":7}},{"start":{},"end":{}}],"line":101},"11":{"loc":{"start":{"line":107,"column":8},"end":{"line":109,"column":9}},"type":"if","locations":[{"start":{"line":107,"column":8},"end":{"line":109,"column":9}},{"start":{},"end":{}}],"line":107}},"s":{"0":1,"1":1,"2":0,"3":0,"4":0,"5":0,"6":0,"7":0,"8":0,"9":0,"10":0,"11":0,"12":0,"13":0,"14":0,"15":0,"16":0,"17":0,"18":0,"19":0,"20":0,"21":0,"22":0,"23":0,"24":0,"25":0,"26":0,"27":0,"28":0,"29":0,"30":0,"31":0,"32":0,"33":0,"34":0,"35":0,"36":0,"37":0,"38":0,"39":0,"40":0,"41":0,"42":0,"43":0,"44":0,"45":0,"46":0,"47":0,"48":0,"49":0,"50":0,"51":0,"52":0,"53":0,"54":0,"55":0,"56":0,"57":0,"58":0,"59":0,"60":0,"61":0,"62":0,"63":0,"64":1},"f":{"0":0,"1":0,"2":0,"3":0,"4":0,"5":0,"6":0,"7":0,"8":0,"9":0,"10":0,"11":0},"b":{"0":[0,0],"1":[0,0],"2":[0,0],"3":[0,0],"4":[0,0],"5":[0,0],"6":[0,0],"7":[0,0],"8":[0,0],"9":[0,0],"10":[0,0],"11":[0,0]},"_coverageSchema":"1a1c01bbd47fc00a2c39e90264f33305004495a9","hash":"5b3015944427f9240edfc05644bb7419a0fe70a9"}
,"D:\\Hacktiv8\\phase3\\WEEK 3\\FINAL PROJECT\\server\\controllers\\users.js": {"path":"D:\\Hacktiv8\\phase3\\WEEK 3\\FINAL PROJECT\\server\\controllers\\users.js","statementMap":{"0":{"start":{"line":1,"column":17},"end":{"line":1,"column":37}},"1":{"start":{"line":2,"column":25},"end":{"line":2,"column":55}},"2":{"start":{"line":6,"column":8},"end":{"line":17,"column":9}},"3":{"start":{"line":7,"column":27},"end":{"line":7,"column":37}},"4":{"start":{"line":8,"column":29},"end":{"line":8,"column":53}},"5":{"start":{"line":10,"column":12},"end":{"line":14,"column":13}},"6":{"start":{"line":11,"column":16},"end":{"line":11,"column":50}},"7":{"start":{"line":13,"column":16},"end":{"line":13,"column":51}},"8":{"start":{"line":16,"column":12},"end":{"line":16,"column":24}},"9":{"start":{"line":21,"column":2},"end":{"line":52,"column":3}},"10":{"start":{"line":22,"column":18},"end":{"line":22,"column":28}},"11":{"start":{"line":24,"column":20},"end":{"line":24,"column":44}},"12":{"start":{"line":26,"column":3},"end":{"line":28,"column":13}},"13":{"start":{"line":27,"column":16},"end":{"line":27,"column":50}},"14":{"start":{"line":30,"column":3},"end":{"line":34,"column":4}},"15":{"start":{"line":31,"column":4},"end":{"line":31,"column":42}},"16":{"start":{"line":32,"column":10},"end":{"line":34,"column":4}},"17":{"start":{"line":33,"column":4},"end":{"line":33,"column":62}},"18":{"start":{"line":36,"column":22},"end":{"line":41,"column":4}},"19":{"start":{"line":43,"column":16},"end":{"line":47,"column":5}},"20":{"start":{"line":49,"column":3},"end":{"line":49,"column":64}},"21":{"start":{"line":51,"column":3},"end":{"line":51,"column":15}},"22":{"start":{"line":56,"column":2},"end":{"line":73,"column":3}},"23":{"start":{"line":57,"column":18},"end":{"line":57,"column":28}},"24":{"start":{"line":58,"column":20},"end":{"line":58,"column":44}},"25":{"start":{"line":60,"column":3},"end":{"line":62,"column":13}},"26":{"start":{"line":61,"column":16},"end":{"line":61,"column":50}},"27":{"start":{"line":64,"column":3},"end":{"line":68,"column":4}},"28":{"start":{"line":65,"column":16},"end":{"line":65,"column":74}},"29":{"start":{"line":67,"column":4},"end":{"line":67,"column":51}},"30":{"start":{"line":70,"column":3},"end":{"line":70,"column":80}},"31":{"start":{"line":72,"column":3},"end":{"line":72,"column":15}},"32":{"start":{"line":77,"column":2},"end":{"line":94,"column":3}},"33":{"start":{"line":78,"column":18},"end":{"line":78,"column":28}},"34":{"start":{"line":79,"column":20},"end":{"line":79,"column":44}},"35":{"start":{"line":81,"column":3},"end":{"line":83,"column":13}},"36":{"start":{"line":82,"column":16},"end":{"line":82,"column":50}},"37":{"start":{"line":85,"column":3},"end":{"line":89,"column":4}},"38":{"start":{"line":86,"column":16},"end":{"line":86,"column":75}},"39":{"start":{"line":88,"column":4},"end":{"line":88,"column":55}},"40":{"start":{"line":91,"column":3},"end":{"line":91,"column":70}},"41":{"start":{"line":93,"column":3},"end":{"line":93,"column":15}},"42":{"start":{"line":98,"column":2},"end":{"line":111,"column":3}},"43":{"start":{"line":99,"column":18},"end":{"line":99,"column":28}},"44":{"start":{"line":100,"column":20},"end":{"line":100,"column":44}},"45":{"start":{"line":102,"column":3},"end":{"line":104,"column":13}},"46":{"start":{"line":103,"column":16},"end":{"line":103,"column":50}},"47":{"start":{"line":106,"column":12},"end":{"line":106,"column":81}},"48":{"start":{"line":108,"column":3},"end":{"line":108,"column":73}},"49":{"start":{"line":110,"column":3},"end":{"line":110,"column":15}},"50":{"start":{"line":115,"column":0},"end":{"line":115,"column":32}}},"fnMap":{"0":{"name":"(anonymous_0)","decl":{"start":{"line":5,"column":4},"end":{"line":5,"column":5}},"loc":{"start":{"line":5,"column":42},"end":{"line":18,"column":5}},"line":5},"1":{"name":"(anonymous_1)","decl":{"start":{"line":20,"column":4},"end":{"line":20,"column":5}},"loc":{"start":{"line":20,"column":44},"end":{"line":53,"column":2}},"line":20},"2":{"name":"(anonymous_2)","decl":{"start":{"line":55,"column":4},"end":{"line":55,"column":5}},"loc":{"start":{"line":55,"column":55},"end":{"line":74,"column":2}},"line":55},"3":{"name":"(anonymous_3)","decl":{"start":{"line":76,"column":1},"end":{"line":76,"column":2}},"loc":{"start":{"line":76,"column":54},"end":{"line":95,"column":2}},"line":76},"4":{"name":"(anonymous_4)","decl":{"start":{"line":97,"column":1},"end":{"line":97,"column":2}},"loc":{"start":{"line":97,"column":49},"end":{"line":112,"column":2}},"line":97}},"branchMap":{"0":{"loc":{"start":{"line":10,"column":12},"end":{"line":14,"column":13}},"type":"if","locations":[{"start":{"line":10,"column":12},"end":{"line":14,"column":13}},{"start":{"line":12,"column":19},"end":{"line":14,"column":13}}],"line":10},"1":{"loc":{"start":{"line":26,"column":3},"end":{"line":28,"column":13}},"type":"if","locations":[{"start":{"line":26,"column":3},"end":{"line":28,"column":13}},{"start":{},"end":{}}],"line":26},"2":{"loc":{"start":{"line":30,"column":3},"end":{"line":34,"column":4}},"type":"if","locations":[{"start":{"line":30,"column":3},"end":{"line":34,"column":4}},{"start":{"line":32,"column":10},"end":{"line":34,"column":4}}],"line":30},"3":{"loc":{"start":{"line":32,"column":10},"end":{"line":34,"column":4}},"type":"if","locations":[{"start":{"line":32,"column":10},"end":{"line":34,"column":4}},{"start":{},"end":{}}],"line":32},"4":{"loc":{"start":{"line":60,"column":3},"end":{"line":62,"column":13}},"type":"if","locations":[{"start":{"line":60,"column":3},"end":{"line":62,"column":13}},{"start":{},"end":{}}],"line":60},"5":{"loc":{"start":{"line":64,"column":3},"end":{"line":68,"column":4}},"type":"if","locations":[{"start":{"line":64,"column":3},"end":{"line":68,"column":4}},{"start":{"line":66,"column":19},"end":{"line":68,"column":4}}],"line":64},"6":{"loc":{"start":{"line":81,"column":3},"end":{"line":83,"column":13}},"type":"if","locations":[{"start":{"line":81,"column":3},"end":{"line":83,"column":13}},{"start":{},"end":{}}],"line":81},"7":{"loc":{"start":{"line":85,"column":3},"end":{"line":89,"column":4}},"type":"if","locations":[{"start":{"line":85,"column":3},"end":{"line":89,"column":4}},{"start":{"line":87,"column":19},"end":{"line":89,"column":4}}],"line":85},"8":{"loc":{"start":{"line":102,"column":3},"end":{"line":104,"column":13}},"type":"if","locations":[{"start":{"line":102,"column":3},"end":{"line":104,"column":13}},{"start":{},"end":{}}],"line":102}},"s":{"0":1,"1":1,"2":0,"3":0,"4":0,"5":0,"6":0,"7":0,"8":0,"9":0,"10":0,"11":0,"12":0,"13":0,"14":0,"15":0,"16":0,"17":0,"18":0,"19":0,"20":0,"21":0,"22":0,"23":0,"24":0,"25":0,"26":0,"27":0,"28":0,"29":0,"30":0,"31":0,"32":0,"33":0,"34":0,"35":0,"36":0,"37":0,"38":0,"39":0,"40":0,"41":0,"42":0,"43":0,"44":0,"45":0,"46":0,"47":0,"48":0,"49":0,"50":1},"f":{"0":0,"1":0,"2":0,"3":0,"4":0},"b":{"0":[0,0],"1":[0,0],"2":[0,0],"3":[0,0],"4":[0,0],"5":[0,0],"6":[0,0],"7":[0,0],"8":[0,0]},"_coverageSchema":"1a1c01bbd47fc00a2c39e90264f33305004495a9","hash":"5c23554a27258326cca0b023c82ee07cc943f08f"}
,"D:\\Hacktiv8\\phase3\\WEEK 3\\FINAL PROJECT\\server\\helpers\\bcryptjs.js": {"path":"D:\\Hacktiv8\\phase3\\WEEK 3\\FINAL PROJECT\\server\\helpers\\bcryptjs.js","statementMap":{"0":{"start":{"line":1,"column":17},"end":{"line":1,"column":36}},"1":{"start":{"line":4,"column":4},"end":{"line":4,"column":65}},"2":{"start":{"line":8,"column":4},"end":{"line":8,"column":58}},"3":{"start":{"line":11,"column":0},"end":{"line":14,"column":2}}},"fnMap":{"0":{"name":"hashPassword","decl":{"start":{"line":3,"column":9},"end":{"line":3,"column":21}},"loc":{"start":{"line":3,"column":32},"end":{"line":5,"column":1}},"line":3},"1":{"name":"comparePassword","decl":{"start":{"line":7,"column":9},"end":{"line":7,"column":24}},"loc":{"start":{"line":7,"column":51},"end":{"line":9,"column":1}},"line":7}},"branchMap":{},"s":{"0":1,"1":2,"2":0,"3":1},"f":{"0":2,"1":0},"b":{},"_coverageSchema":"1a1c01bbd47fc00a2c39e90264f33305004495a9","hash":"1e76c6dee097bddd995b9efd63426d75809fb6ec"}
,"D:\\Hacktiv8\\phase3\\WEEK 3\\FINAL PROJECT\\server\\helpers\\jsonwebtoken.js": {"path":"D:\\Hacktiv8\\phase3\\WEEK 3\\FINAL PROJECT\\server\\helpers\\jsonwebtoken.js","statementMap":{"0":{"start":{"line":1,"column":12},"end":{"line":1,"column":35}},"1":{"start":{"line":2,"column":18},"end":{"line":2,"column":44}},"2":{"start":{"line":5,"column":4},"end":{"line":5,"column":40}},"3":{"start":{"line":9,"column":4},"end":{"line":9,"column":40}},"4":{"start":{"line":12,"column":0},"end":{"line":15,"column":2}}},"fnMap":{"0":{"name":"createToken","decl":{"start":{"line":4,"column":9},"end":{"line":4,"column":20}},"loc":{"start":{"line":4,"column":30},"end":{"line":6,"column":1}},"line":4},"1":{"name":"verifyToken","decl":{"start":{"line":8,"column":9},"end":{"line":8,"column":20}},"loc":{"start":{"line":8,"column":28},"end":{"line":10,"column":1}},"line":8}},"branchMap":{},"s":{"0":1,"1":1,"2":2,"3":0,"4":1},"f":{"0":2,"1":0},"b":{},"_coverageSchema":"1a1c01bbd47fc00a2c39e90264f33305004495a9","hash":"8ac9f435f5bb00c38cbb9345abc6f85d847e8f43"}
,"D:\\Hacktiv8\\phase3\\WEEK 3\\FINAL PROJECT\\server\\middlewares\\Authentication.js": {"path":"D:\\Hacktiv8\\phase3\\WEEK 3\\FINAL PROJECT\\server\\middlewares\\Authentication.js","statementMap":{"0":{"start":{"line":1,"column":24},"end":{"line":1,"column":58}},"1":{"start":{"line":2,"column":17},"end":{"line":2,"column":37}},"2":{"start":{"line":6,"column":8},"end":{"line":22,"column":9}},"3":{"start":{"line":7,"column":35},"end":{"line":7,"column":46}},"4":{"start":{"line":8,"column":12},"end":{"line":8,"column":61}},"5":{"start":{"line":8,"column":31},"end":{"line":8,"column":61}},"6":{"start":{"line":10,"column":26},"end":{"line":10,"column":51}},"7":{"start":{"line":11,"column":12},"end":{"line":11,"column":56}},"8":{"start":{"line":11,"column":26},"end":{"line":11,"column":56}},"9":{"start":{"line":13,"column":29},"end":{"line":13,"column":60}},"10":{"start":{"line":14,"column":12},"end":{"line":14,"column":59}},"11":{"start":{"line":14,"column":29},"end":{"line":14,"column":59}},"12":{"start":{"line":16,"column":52},"end":{"line":16,"column":62}},"13":{"start":{"line":17,"column":12},"end":{"line":17,"column":56}},"14":{"start":{"line":19,"column":12},"end":{"line":19,"column":19}},"15":{"start":{"line":21,"column":12},"end":{"line":21,"column":24}},"16":{"start":{"line":26,"column":0},"end":{"line":26,"column":31}}},"fnMap":{"0":{"name":"(anonymous_0)","decl":{"start":{"line":5,"column":4},"end":{"line":5,"column":5}},"loc":{"start":{"line":5,"column":39},"end":{"line":23,"column":5}},"line":5}},"branchMap":{"0":{"loc":{"start":{"line":8,"column":12},"end":{"line":8,"column":61}},"type":"if","locations":[{"start":{"line":8,"column":12},"end":{"line":8,"column":61}},{"start":{},"end":{}}],"line":8},"1":{"loc":{"start":{"line":11,"column":12},"end":{"line":11,"column":56}},"type":"if","locations":[{"start":{"line":11,"column":12},"end":{"line":11,"column":56}},{"start":{},"end":{}}],"line":11},"2":{"loc":{"start":{"line":14,"column":12},"end":{"line":14,"column":59}},"type":"if","locations":[{"start":{"line":14,"column":12},"end":{"line":14,"column":59}},{"start":{},"end":{}}],"line":14}},"s":{"0":1,"1":1,"2":0,"3":0,"4":0,"5":0,"6":0,"7":0,"8":0,"9":0,"10":0,"11":0,"12":0,"13":0,"14":0,"15":0,"16":1},"f":{"0":0},"b":{"0":[0,0],"1":[0,0],"2":[0,0]},"_coverageSchema":"1a1c01bbd47fc00a2c39e90264f33305004495a9","hash":"23885d1102ff76a09f2cf9cc1a249e2e0bb9469d"}
,"D:\\Hacktiv8\\phase3\\WEEK 3\\FINAL PROJECT\\server\\middlewares\\Authorization.js": {"path":"D:\\Hacktiv8\\phase3\\WEEK 3\\FINAL PROJECT\\server\\middlewares\\Authorization.js","statementMap":{"0":{"start":{"line":1,"column":19},"end":{"line":1,"column":39}},"1":{"start":{"line":5,"column":8},"end":{"line":16,"column":9}},"2":{"start":{"line":6,"column":12},"end":{"line":6,"column":68}},"3":{"start":{"line":6,"column":55},"end":{"line":6,"column":68}},"4":{"start":{"line":8,"column":25},"end":{"line":8,"column":35}},"5":{"start":{"line":9,"column":31},"end":{"line":9,"column":56}},"6":{"start":{"line":11,"column":12},"end":{"line":11,"column":83}},"7":{"start":{"line":11,"column":53},"end":{"line":11,"column":83}},"8":{"start":{"line":13,"column":12},"end":{"line":13,"column":18}},"9":{"start":{"line":15,"column":12},"end":{"line":15,"column":23}},"10":{"start":{"line":20,"column":8},"end":{"line":25,"column":9}},"11":{"start":{"line":21,"column":12},"end":{"line":22,"column":46}},"12":{"start":{"line":21,"column":55},"end":{"line":21,"column":61}},"13":{"start":{"line":22,"column":17},"end":{"line":22,"column":46}},"14":{"start":{"line":24,"column":12},"end":{"line":24,"column":23}},"15":{"start":{"line":29,"column":0},"end":{"line":29,"column":30}}},"fnMap":{"0":{"name":"(anonymous_0)","decl":{"start":{"line":4,"column":4},"end":{"line":4,"column":5}},"loc":{"start":{"line":4,"column":48},"end":{"line":17,"column":5}},"line":4},"1":{"name":"(anonymous_1)","decl":{"start":{"line":19,"column":4},"end":{"line":19,"column":5}},"loc":{"start":{"line":19,"column":47},"end":{"line":26,"column":5}},"line":19}},"branchMap":{"0":{"loc":{"start":{"line":6,"column":12},"end":{"line":6,"column":68}},"type":"if","locations":[{"start":{"line":6,"column":12},"end":{"line":6,"column":68}},{"start":{},"end":{}}],"line":6},"1":{"loc":{"start":{"line":6,"column":34},"end":{"line":6,"column":52}},"type":"binary-expr","locations":[{"start":{"line":6,"column":34},"end":{"line":6,"column":41}},{"start":{"line":6,"column":45},"end":{"line":6,"column":52}}],"line":6},"2":{"loc":{"start":{"line":11,"column":12},"end":{"line":11,"column":83}},"type":"if","locations":[{"start":{"line":11,"column":12},"end":{"line":11,"column":83}},{"start":{},"end":{}}],"line":11},"3":{"loc":{"start":{"line":21,"column":12},"end":{"line":22,"column":46}},"type":"if","locations":[{"start":{"line":21,"column":12},"end":{"line":22,"column":46}},{"start":{"line":22,"column":17},"end":{"line":22,"column":46}}],"line":21},"4":{"loc":{"start":{"line":21,"column":34},"end":{"line":21,"column":52}},"type":"binary-expr","locations":[{"start":{"line":21,"column":34},"end":{"line":21,"column":41}},{"start":{"line":21,"column":45},"end":{"line":21,"column":52}}],"line":21}},"s":{"0":1,"1":0,"2":0,"3":0,"4":0,"5":0,"6":0,"7":0,"8":0,"9":0,"10":0,"11":0,"12":0,"13":0,"14":0,"15":1},"f":{"0":0,"1":0},"b":{"0":[0,0],"1":[0,0],"2":[0,0],"3":[0,0],"4":[0,0]},"_coverageSchema":"1a1c01bbd47fc00a2c39e90264f33305004495a9","hash":"a307568d1c1ce01e3e718eb2f41c90b9ba81ddfd"}
,"D:\\Hacktiv8\\phase3\\WEEK 3\\FINAL PROJECT\\server\\middlewares\\errorHandler.js": {"path":"D:\\Hacktiv8\\phase3\\WEEK 3\\FINAL PROJECT\\server\\middlewares\\errorHandler.js","statementMap":{"0":{"start":{"line":1,"column":21},"end":{"line":82,"column":1}},"1":{"start":{"line":2,"column":15},"end":{"line":2,"column":18}},"2":{"start":{"line":3,"column":14},"end":{"line":3,"column":37}},"3":{"start":{"line":5,"column":4},"end":{"line":78,"column":5}},"4":{"start":{"line":6,"column":8},"end":{"line":6,"column":18}},"5":{"start":{"line":7,"column":8},"end":{"line":7,"column":35}},"6":{"start":{"line":10,"column":9},"end":{"line":78,"column":5}},"7":{"start":{"line":11,"column":8},"end":{"line":11,"column":18}},"8":{"start":{"line":12,"column":8},"end":{"line":12,"column":45}},"9":{"start":{"line":15,"column":9},"end":{"line":78,"column":5}},"10":{"start":{"line":16,"column":8},"end":{"line":16,"column":18}},"11":{"start":{"line":17,"column":8},"end":{"line":17,"column":22}},"12":{"start":{"line":20,"column":9},"end":{"line":78,"column":5}},"13":{"start":{"line":21,"column":8},"end":{"line":21,"column":18}},"14":{"start":{"line":22,"column":8},"end":{"line":22,"column":22}},"15":{"start":{"line":25,"column":9},"end":{"line":78,"column":5}},"16":{"start":{"line":26,"column":8},"end":{"line":26,"column":18}},"17":{"start":{"line":27,"column":8},"end":{"line":27,"column":22}},"18":{"start":{"line":30,"column":9},"end":{"line":78,"column":5}},"19":{"start":{"line":31,"column":8},"end":{"line":31,"column":18}},"20":{"start":{"line":32,"column":8},"end":{"line":32,"column":22}},"21":{"start":{"line":35,"column":9},"end":{"line":78,"column":5}},"22":{"start":{"line":36,"column":8},"end":{"line":36,"column":18}},"23":{"start":{"line":37,"column":8},"end":{"line":37,"column":30}},"24":{"start":{"line":40,"column":9},"end":{"line":78,"column":5}},"25":{"start":{"line":41,"column":8},"end":{"line":41,"column":18}},"26":{"start":{"line":42,"column":8},"end":{"line":42,"column":30}},"27":{"start":{"line":45,"column":9},"end":{"line":78,"column":5}},"28":{"start":{"line":46,"column":8},"end":{"line":46,"column":18}},"29":{"start":{"line":47,"column":8},"end":{"line":47,"column":46}},"30":{"start":{"line":50,"column":9},"end":{"line":78,"column":5}},"31":{"start":{"line":51,"column":8},"end":{"line":51,"column":18}},"32":{"start":{"line":52,"column":8},"end":{"line":52,"column":38}},"33":{"start":{"line":55,"column":9},"end":{"line":78,"column":5}},"34":{"start":{"line":56,"column":8},"end":{"line":56,"column":18}},"35":{"start":{"line":57,"column":8},"end":{"line":57,"column":51}},"36":{"start":{"line":60,"column":9},"end":{"line":78,"column":5}},"37":{"start":{"line":61,"column":8},"end":{"line":61,"column":18}},"38":{"start":{"line":62,"column":8},"end":{"line":62,"column":38}},"39":{"start":{"line":65,"column":9},"end":{"line":78,"column":5}},"40":{"start":{"line":66,"column":8},"end":{"line":66,"column":18}},"41":{"start":{"line":67,"column":8},"end":{"line":67,"column":96}},"42":{"start":{"line":70,"column":9},"end":{"line":78,"column":5}},"43":{"start":{"line":71,"column":8},"end":{"line":71,"column":18}},"44":{"start":{"line":72,"column":8},"end":{"line":72,"column":144}},"45":{"start":{"line":75,"column":9},"end":{"line":78,"column":5}},"46":{"start":{"line":76,"column":8},"end":{"line":76,"column":18}},"47":{"start":{"line":77,"column":8},"end":{"line":77,"column":88}},"48":{"start":{"line":80,"column":4},"end":{"line":80,"column":21}},"49":{"start":{"line":81,"column":4},"end":{"line":81,"column":34}},"50":{"start":{"line":84,"column":0},"end":{"line":84,"column":29}}},"fnMap":{"0":{"name":"(anonymous_0)","decl":{"start":{"line":1,"column":21},"end":{"line":1,"column":22}},"loc":{"start":{"line":1,"column":46},"end":{"line":82,"column":1}},"line":1}},"branchMap":{"0":{"loc":{"start":{"line":5,"column":4},"end":{"line":78,"column":5}},"type":"if","locations":[{"start":{"line":5,"column":4},"end":{"line":78,"column":5}},{"start":{"line":10,"column":9},"end":{"line":78,"column":5}}],"line":5},"1":{"loc":{"start":{"line":10,"column":9},"end":{"line":78,"column":5}},"type":"if","locations":[{"start":{"line":10,"column":9},"end":{"line":78,"column":5}},{"start":{"line":15,"column":9},"end":{"line":78,"column":5}}],"line":10},"2":{"loc":{"start":{"line":15,"column":9},"end":{"line":78,"column":5}},"type":"if","locations":[{"start":{"line":15,"column":9},"end":{"line":78,"column":5}},{"start":{"line":20,"column":9},"end":{"line":78,"column":5}}],"line":15},"3":{"loc":{"start":{"line":20,"column":9},"end":{"line":78,"column":5}},"type":"if","locations":[{"start":{"line":20,"column":9},"end":{"line":78,"column":5}},{"start":{"line":25,"column":9},"end":{"line":78,"column":5}}],"line":20},"4":{"loc":{"start":{"line":25,"column":9},"end":{"line":78,"column":5}},"type":"if","locations":[{"start":{"line":25,"column":9},"end":{"line":78,"column":5}},{"start":{"line":30,"column":9},"end":{"line":78,"column":5}}],"line":25},"5":{"loc":{"start":{"line":30,"column":9},"end":{"line":78,"column":5}},"type":"if","locations":[{"start":{"line":30,"column":9},"end":{"line":78,"column":5}},{"start":{"line":35,"column":9},"end":{"line":78,"column":5}}],"line":30},"6":{"loc":{"start":{"line":30,"column":13},"end":{"line":30,"column":103}},"type":"binary-expr","locations":[{"start":{"line":30,"column":13},"end":{"line":30,"column":54}},{"start":{"line":30,"column":58},"end":{"line":30,"column":103}}],"line":30},"7":{"loc":{"start":{"line":35,"column":9},"end":{"line":78,"column":5}},"type":"if","locations":[{"start":{"line":35,"column":9},"end":{"line":78,"column":5}},{"start":{"line":40,"column":9},"end":{"line":78,"column":5}}],"line":35},"8":{"loc":{"start":{"line":40,"column":9},"end":{"line":78,"column":5}},"type":"if","locations":[{"start":{"line":40,"column":9},"end":{"line":78,"column":5}},{"start":{"line":45,"column":9},"end":{"line":78,"column":5}}],"line":40},"9":{"loc":{"start":{"line":45,"column":9},"end":{"line":78,"column":5}},"type":"if","locations":[{"start":{"line":45,"column":9},"end":{"line":78,"column":5}},{"start":{"line":50,"column":9},"end":{"line":78,"column":5}}],"line":45},"10":{"loc":{"start":{"line":45,"column":13},"end":{"line":45,"column":82}},"type":"binary-expr","locations":[{"start":{"line":45,"column":13},"end":{"line":45,"column":44}},{"start":{"line":45,"column":48},"end":{"line":45,"column":82}}],"line":45},"11":{"loc":{"start":{"line":50,"column":9},"end":{"line":78,"column":5}},"type":"if","locations":[{"start":{"line":50,"column":9},"end":{"line":78,"column":5}},{"start":{"line":55,"column":9},"end":{"line":78,"column":5}}],"line":50},"12":{"loc":{"start":{"line":55,"column":9},"end":{"line":78,"column":5}},"type":"if","locations":[{"start":{"line":55,"column":9},"end":{"line":78,"column":5}},{"start":{"line":60,"column":9},"end":{"line":78,"column":5}}],"line":55},"13":{"loc":{"start":{"line":55,"column":13},"end":{"line":55,"column":133}},"type":"binary-expr","locations":[{"start":{"line":55,"column":13},"end":{"line":55,"column":39}},{"start":{"line":55,"column":43},"end":{"line":55,"column":74}},{"start":{"line":55,"column":78},"end":{"line":55,"column":104}},{"start":{"line":55,"column":108},"end":{"line":55,"column":133}}],"line":55},"14":{"loc":{"start":{"line":60,"column":9},"end":{"line":78,"column":5}},"type":"if","locations":[{"start":{"line":60,"column":9},"end":{"line":78,"column":5}},{"start":{"line":65,"column":9},"end":{"line":78,"column":5}}],"line":60},"15":{"loc":{"start":{"line":65,"column":9},"end":{"line":78,"column":5}},"type":"if","locations":[{"start":{"line":65,"column":9},"end":{"line":78,"column":5}},{"start":{"line":70,"column":9},"end":{"line":78,"column":5}}],"line":65},"16":{"loc":{"start":{"line":70,"column":9},"end":{"line":78,"column":5}},"type":"if","locations":[{"start":{"line":70,"column":9},"end":{"line":78,"column":5}},{"start":{"line":75,"column":9},"end":{"line":78,"column":5}}],"line":70},"17":{"loc":{"start":{"line":75,"column":9},"end":{"line":78,"column":5}},"type":"if","locations":[{"start":{"line":75,"column":9},"end":{"line":78,"column":5}},{"start":{},"end":{}}],"line":75}},"s":{"0":1,"1":0,"2":0,"3":0,"4":0,"5":0,"6":0,"7":0,"8":0,"9":0,"10":0,"11":0,"12":0,"13":0,"14":0,"15":0,"16":0,"17":0,"18":0,"19":0,"20":0,"21":0,"22":0,"23":0,"24":0,"25":0,"26":0,"27":0,"28":0,"29":0,"30":0,"31":0,"32":0,"33":0,"34":0,"35":0,"36":0,"37":0,"38":0,"39":0,"40":0,"41":0,"42":0,"43":0,"44":0,"45":0,"46":0,"47":0,"48":0,"49":0,"50":1},"f":{"0":0},"b":{"0":[0,0],"1":[0,0],"2":[0,0],"3":[0,0],"4":[0,0],"5":[0,0],"6":[0,0],"7":[0,0],"8":[0,0],"9":[0,0],"10":[0,0],"11":[0,0],"12":[0,0],"13":[0,0,0,0],"14":[0,0],"15":[0,0],"16":[0,0],"17":[0,0]},"_coverageSchema":"1a1c01bbd47fc00a2c39e90264f33305004495a9","hash":"2f8443bc955d61c1adc2b583218a32d576c457f7"}
,"D:\\Hacktiv8\\phase3\\WEEK 3\\FINAL PROJECT\\server\\models\\city.js": {"path":"D:\\Hacktiv8\\phase3\\WEEK 3\\FINAL PROJECT\\server\\models\\city.js","statementMap":{"0":{"start":{"line":2,"column":18},"end":{"line":2,"column":38}},"1":{"start":{"line":3,"column":0},"end":{"line":94,"column":2}},"2":{"start":{"line":12,"column":6},"end":{"line":14,"column":9}},"3":{"start":{"line":15,"column":6},"end":{"line":17,"column":9}},"4":{"start":{"line":20,"column":2},"end":{"line":87,"column":4}},"5":{"start":{"line":88,"column":2},"end":{"line":91,"column":5}},"6":{"start":{"line":89,"column":21},"end":{"line":89,"column":71}},"7":{"start":{"line":90,"column":4},"end":{"line":90,"column":25}},"8":{"start":{"line":93,"column":2},"end":{"line":93,"column":14}}},"fnMap":{"0":{"name":"(anonymous_0)","decl":{"start":{"line":3,"column":17},"end":{"line":3,"column":18}},"loc":{"start":{"line":3,"column":43},"end":{"line":94,"column":1}},"line":3},"1":{"name":"(anonymous_1)","decl":{"start":{"line":10,"column":4},"end":{"line":10,"column":5}},"loc":{"start":{"line":10,"column":29},"end":{"line":18,"column":5}},"line":10},"2":{"name":"(anonymous_2)","decl":{"start":{"line":88,"column":20},"end":{"line":88,"column":21}},"loc":{"start":{"line":88,"column":39},"end":{"line":91,"column":3}},"line":88}},"branchMap":{},"s":{"0":1,"1":1,"2":1,"3":1,"4":1,"5":1,"6":0,"7":0,"8":1},"f":{"0":1,"1":1,"2":0},"b":{},"_coverageSchema":"1a1c01bbd47fc00a2c39e90264f33305004495a9","hash":"46512c449f327a8cab083732da83ee998d895b2e"}
,"D:\\Hacktiv8\\phase3\\WEEK 3\\FINAL PROJECT\\server\\models\\destination.js": {"path":"D:\\Hacktiv8\\phase3\\WEEK 3\\FINAL PROJECT\\server\\models\\destination.js","statementMap":{"0":{"start":{"line":2,"column":18},"end":{"line":2,"column":38}},"1":{"start":{"line":3,"column":0},"end":{"line":148,"column":2}},"2":{"start":{"line":12,"column":6},"end":{"line":16,"column":9}},"3":{"start":{"line":17,"column":6},"end":{"line":19,"column":9}},"4":{"start":{"line":20,"column":6},"end":{"line":22,"column":9}},"5":{"start":{"line":23,"column":6},"end":{"line":25,"column":9}},"6":{"start":{"line":26,"column":6},"end":{"line":28,"column":9}},"7":{"start":{"line":31,"column":2},"end":{"line":146,"column":4}},"8":{"start":{"line":147,"column":2},"end":{"line":147,"column":21}}},"fnMap":{"0":{"name":"(anonymous_0)","decl":{"start":{"line":3,"column":17},"end":{"line":3,"column":18}},"loc":{"start":{"line":3,"column":43},"end":{"line":148,"column":1}},"line":3},"1":{"name":"(anonymous_1)","decl":{"start":{"line":10,"column":4},"end":{"line":10,"column":5}},"loc":{"start":{"line":10,"column":29},"end":{"line":29,"column":5}},"line":10}},"branchMap":{},"s":{"0":1,"1":1,"2":1,"3":1,"4":1,"5":1,"6":1,"7":1,"8":1},"f":{"0":1,"1":1},"b":{},"_coverageSchema":"1a1c01bbd47fc00a2c39e90264f33305004495a9","hash":"61905a02493685d872da4435bc56b948fb8791a7"}
,"D:\\Hacktiv8\\phase3\\WEEK 3\\FINAL PROJECT\\server\\models\\favourite.js": {"path":"D:\\Hacktiv8\\phase3\\WEEK 3\\FINAL PROJECT\\server\\models\\favourite.js","statementMap":{"0":{"start":{"line":4,"column":4},"end":{"line":4,"column":24}},"1":{"start":{"line":5,"column":0},"end":{"line":44,"column":2}},"2":{"start":{"line":14,"column":6},"end":{"line":16,"column":9}},"3":{"start":{"line":17,"column":6},"end":{"line":19,"column":9}},"4":{"start":{"line":22,"column":2},"end":{"line":42,"column":5}},"5":{"start":{"line":43,"column":2},"end":{"line":43,"column":19}}},"fnMap":{"0":{"name":"(anonymous_0)","decl":{"start":{"line":5,"column":17},"end":{"line":5,"column":18}},"loc":{"start":{"line":5,"column":43},"end":{"line":44,"column":1}},"line":5},"1":{"name":"(anonymous_1)","decl":{"start":{"line":12,"column":4},"end":{"line":12,"column":5}},"loc":{"start":{"line":12,"column":29},"end":{"line":20,"column":5}},"line":12}},"branchMap":{},"s":{"0":1,"1":1,"2":1,"3":1,"4":1,"5":1},"f":{"0":1,"1":1},"b":{},"_coverageSchema":"1a1c01bbd47fc00a2c39e90264f33305004495a9","hash":"c629f0ae0a209c85fe47348e85124dc5d4734dc1"}
,"D:\\Hacktiv8\\phase3\\WEEK 3\\FINAL PROJECT\\server\\models\\hotel.js": {"path":"D:\\Hacktiv8\\phase3\\WEEK 3\\FINAL PROJECT\\server\\models\\hotel.js","statementMap":{"0":{"start":{"line":4,"column":4},"end":{"line":4,"column":24}},"1":{"start":{"line":5,"column":0},"end":{"line":33,"column":2}},"2":{"start":{"line":14,"column":6},"end":{"line":16,"column":8}},"3":{"start":{"line":19,"column":2},"end":{"line":31,"column":5}},"4":{"start":{"line":32,"column":2},"end":{"line":32,"column":15}}},"fnMap":{"0":{"name":"(anonymous_0)","decl":{"start":{"line":5,"column":17},"end":{"line":5,"column":18}},"loc":{"start":{"line":5,"column":43},"end":{"line":33,"column":1}},"line":5},"1":{"name":"(anonymous_1)","decl":{"start":{"line":12,"column":4},"end":{"line":12,"column":5}},"loc":{"start":{"line":12,"column":29},"end":{"line":17,"column":5}},"line":12}},"branchMap":{},"s":{"0":1,"1":1,"2":1,"3":1,"4":1},"f":{"0":1,"1":1},"b":{},"_coverageSchema":"1a1c01bbd47fc00a2c39e90264f33305004495a9","hash":"e597c615e91f701e9401306f9d1626f4273c0ac0"}
,"D:\\Hacktiv8\\phase3\\WEEK 3\\FINAL PROJECT\\server\\models\\image.js": {"path":"D:\\Hacktiv8\\phase3\\WEEK 3\\FINAL PROJECT\\server\\models\\image.js","statementMap":{"0":{"start":{"line":4,"column":4},"end":{"line":4,"column":24}},"1":{"start":{"line":5,"column":0},"end":{"line":34,"column":2}},"2":{"start":{"line":14,"column":6},"end":{"line":16,"column":8}},"3":{"start":{"line":19,"column":2},"end":{"line":32,"column":5}},"4":{"start":{"line":33,"column":2},"end":{"line":33,"column":15}}},"fnMap":{"0":{"name":"(anonymous_0)","decl":{"start":{"line":5,"column":17},"end":{"line":5,"column":18}},"loc":{"start":{"line":5,"column":43},"end":{"line":34,"column":1}},"line":5},"1":{"name":"(anonymous_1)","decl":{"start":{"line":12,"column":4},"end":{"line":12,"column":5}},"loc":{"start":{"line":12,"column":29},"end":{"line":17,"column":5}},"line":12}},"branchMap":{},"s":{"0":1,"1":1,"2":1,"3":1,"4":1},"f":{"0":1,"1":1},"b":{},"_coverageSchema":"1a1c01bbd47fc00a2c39e90264f33305004495a9","hash":"87f31c3db69699ca631f339d8e465c58b26a84e8"}
,"D:\\Hacktiv8\\phase3\\WEEK 3\\FINAL PROJECT\\server\\models\\index.js": {"path":"D:\\Hacktiv8\\phase3\\WEEK 3\\FINAL PROJECT\\server\\models\\index.js","statementMap":{"0":{"start":{"line":3,"column":11},"end":{"line":3,"column":24}},"1":{"start":{"line":4,"column":13},"end":{"line":4,"column":28}},"2":{"start":{"line":5,"column":18},"end":{"line":5,"column":38}},"3":{"start":{"line":6,"column":16},"end":{"line":6,"column":34}},"4":{"start":{"line":7,"column":17},"end":{"line":7,"column":42}},"5":{"start":{"line":8,"column":12},"end":{"line":8,"column":49}},"6":{"start":{"line":9,"column":15},"end":{"line":9,"column":65}},"7":{"start":{"line":10,"column":11},"end":{"line":10,"column":13}},"8":{"start":{"line":13,"column":0},"end":{"line":17,"column":1}},"9":{"start":{"line":14,"column":2},"end":{"line":14,"column":74}},"10":{"start":{"line":16,"column":2},"end":{"line":16,"column":87}},"11":{"start":{"line":19,"column":0},"end":{"line":27,"column":5}},"12":{"start":{"line":22,"column":4},"end":{"line":22,"column":90}},"13":{"start":{"line":25,"column":18},"end":{"line":25,"column":85}},"14":{"start":{"line":26,"column":4},"end":{"line":26,"column":27}},"15":{"start":{"line":29,"column":0},"end":{"line":33,"column":3}},"16":{"start":{"line":30,"column":2},"end":{"line":32,"column":3}},"17":{"start":{"line":31,"column":4},"end":{"line":31,"column":32}},"18":{"start":{"line":35,"column":0},"end":{"line":35,"column":25}},"19":{"start":{"line":36,"column":0},"end":{"line":36,"column":25}},"20":{"start":{"line":38,"column":0},"end":{"line":38,"column":20}}},"fnMap":{"0":{"name":"(anonymous_0)","decl":{"start":{"line":21,"column":10},"end":{"line":21,"column":11}},"loc":{"start":{"line":21,"column":18},"end":{"line":23,"column":3}},"line":21},"1":{"name":"(anonymous_1)","decl":{"start":{"line":24,"column":11},"end":{"line":24,"column":12}},"loc":{"start":{"line":24,"column":19},"end":{"line":27,"column":3}},"line":24},"2":{"name":"(anonymous_2)","decl":{"start":{"line":29,"column":24},"end":{"line":29,"column":25}},"loc":{"start":{"line":29,"column":37},"end":{"line":33,"column":1}},"line":29}},"branchMap":{"0":{"loc":{"start":{"line":8,"column":12},"end":{"line":8,"column":49}},"type":"binary-expr","locations":[{"start":{"line":8,"column":12},"end":{"line":8,"column":32}},{"start":{"line":8,"column":36},"end":{"line":8,"column":49}}],"line":8},"1":{"loc":{"start":{"line":13,"column":0},"end":{"line":17,"column":1}},"type":"if","locations":[{"start":{"line":13,"column":0},"end":{"line":17,"column":1}},{"start":{"line":15,"column":7},"end":{"line":17,"column":1}}],"line":13},"2":{"loc":{"start":{"line":22,"column":11},"end":{"line":22,"column":89}},"type":"binary-expr","locations":[{"start":{"line":22,"column":12},"end":{"line":22,"column":35}},{"start":{"line":22,"column":41},"end":{"line":22,"column":58}},{"start":{"line":22,"column":64},"end":{"line":22,"column":88}}],"line":22},"3":{"loc":{"start":{"line":30,"column":2},"end":{"line":32,"column":3}},"type":"if","locations":[{"start":{"line":30,"column":2},"end":{"line":32,"column":3}},{"start":{},"end":{}}],"line":30}},"s":{"0":1,"1":1,"2":1,"3":1,"4":1,"5":1,"6":1,"7":1,"8":1,"9":0,"10":1,"11":1,"12":10,"13":9,"14":9,"15":1,"16":9,"17":9,"18":1,"19":1,"20":1},"f":{"0":10,"1":9,"2":9},"b":{"0":[1,0],"1":[0,1],"2":[10,10,9],"3":[9,0]},"_coverageSchema":"1a1c01bbd47fc00a2c39e90264f33305004495a9","hash":"c4ec276396c2d94d6b1a2394e12cc3e1acec395e"}
,"D:\\Hacktiv8\\phase3\\WEEK 3\\FINAL PROJECT\\server\\models\\province.js": {"path":"D:\\Hacktiv8\\phase3\\WEEK 3\\FINAL PROJECT\\server\\models\\province.js","statementMap":{"0":{"start":{"line":4,"column":4},"end":{"line":4,"column":24}},"1":{"start":{"line":5,"column":0},"end":{"line":49,"column":2}},"2":{"start":{"line":14,"column":6},"end":{"line":16,"column":8}},"3":{"start":{"line":19,"column":2},"end":{"line":47,"column":5}},"4":{"start":{"line":48,"column":2},"end":{"line":48,"column":18}}},"fnMap":{"0":{"name":"(anonymous_0)","decl":{"start":{"line":5,"column":17},"end":{"line":5,"column":18}},"loc":{"start":{"line":5,"column":43},"end":{"line":49,"column":1}},"line":5},"1":{"name":"(anonymous_1)","decl":{"start":{"line":12,"column":4},"end":{"line":12,"column":5}},"loc":{"start":{"line":12,"column":29},"end":{"line":17,"column":5}},"line":12}},"branchMap":{},"s":{"0":1,"1":1,"2":1,"3":1,"4":1},"f":{"0":1,"1":1},"b":{},"_coverageSchema":"1a1c01bbd47fc00a2c39e90264f33305004495a9","hash":"501660c4aae9d16daa944c154e275b6feb5c7116"}
,"D:\\Hacktiv8\\phase3\\WEEK 3\\FINAL PROJECT\\server\\models\\review.js": {"path":"D:\\Hacktiv8\\phase3\\WEEK 3\\FINAL PROJECT\\server\\models\\review.js","statementMap":{"0":{"start":{"line":4,"column":4},"end":{"line":4,"column":24}},"1":{"start":{"line":5,"column":0},"end":{"line":93,"column":2}},"2":{"start":{"line":14,"column":6},"end":{"line":16,"column":8}},"3":{"start":{"line":17,"column":6},"end":{"line":19,"column":8}},"4":{"start":{"line":22,"column":2},"end":{"line":91,"column":5}},"5":{"start":{"line":92,"column":2},"end":{"line":92,"column":16}}},"fnMap":{"0":{"name":"(anonymous_0)","decl":{"start":{"line":5,"column":17},"end":{"line":5,"column":18}},"loc":{"start":{"line":5,"column":43},"end":{"line":93,"column":1}},"line":5},"1":{"name":"(anonymous_1)","decl":{"start":{"line":12,"column":4},"end":{"line":12,"column":5}},"loc":{"start":{"line":12,"column":29},"end":{"line":20,"column":5}},"line":12}},"branchMap":{},"s":{"0":1,"1":1,"2":1,"3":1,"4":1,"5":1},"f":{"0":1,"1":1},"b":{},"_coverageSchema":"1a1c01bbd47fc00a2c39e90264f33305004495a9","hash":"7c9b19b9ad5731b36ca8fb2fb7cbfdac82264cc3"}
,"D:\\Hacktiv8\\phase3\\WEEK 3\\FINAL PROJECT\\server\\models\\travelstep.js": {"path":"D:\\Hacktiv8\\phase3\\WEEK 3\\FINAL PROJECT\\server\\models\\travelstep.js","statementMap":{"0":{"start":{"line":4,"column":4},"end":{"line":4,"column":24}},"1":{"start":{"line":5,"column":0},"end":{"line":24,"column":2}},"2":{"start":{"line":16,"column":2},"end":{"line":22,"column":5}},"3":{"start":{"line":23,"column":2},"end":{"line":23,"column":20}}},"fnMap":{"0":{"name":"(anonymous_0)","decl":{"start":{"line":5,"column":17},"end":{"line":5,"column":18}},"loc":{"start":{"line":5,"column":43},"end":{"line":24,"column":1}},"line":5},"1":{"name":"(anonymous_1)","decl":{"start":{"line":12,"column":4},"end":{"line":12,"column":5}},"loc":{"start":{"line":12,"column":29},"end":{"line":14,"column":5}},"line":12}},"branchMap":{},"s":{"0":1,"1":1,"2":1,"3":1},"f":{"0":1,"1":1},"b":{},"_coverageSchema":"1a1c01bbd47fc00a2c39e90264f33305004495a9","hash":"9aab3563f5443668d9d09d023b6cd171f47eeda4"}
,"D:\\Hacktiv8\\phase3\\WEEK 3\\FINAL PROJECT\\server\\models\\user.js": {"path":"D:\\Hacktiv8\\phase3\\WEEK 3\\FINAL PROJECT\\server\\models\\user.js","statementMap":{"0":{"start":{"line":4,"column":4},"end":{"line":4,"column":24}},"1":{"start":{"line":5,"column":25},"end":{"line":5,"column":55}},"2":{"start":{"line":6,"column":0},"end":{"line":111,"column":2}},"3":{"start":{"line":15,"column":6},"end":{"line":17,"column":8}},"4":{"start":{"line":18,"column":6},"end":{"line":20,"column":8}},"5":{"start":{"line":21,"column":6},"end":{"line":23,"column":8}},"6":{"start":{"line":26,"column":2},"end":{"line":104,"column":5}},"7":{"start":{"line":82,"column":10},"end":{"line":84,"column":11}},"8":{"start":{"line":83,"column":12},"end":{"line":83,"column":72}},"9":{"start":{"line":106,"column":2},"end":{"line":108,"column":5}},"10":{"start":{"line":107,"column":4},"end":{"line":107,"column":48}},"11":{"start":{"line":110,"column":2},"end":{"line":110,"column":14}}},"fnMap":{"0":{"name":"(anonymous_0)","decl":{"start":{"line":6,"column":17},"end":{"line":6,"column":18}},"loc":{"start":{"line":6,"column":43},"end":{"line":111,"column":1}},"line":6},"1":{"name":"(anonymous_1)","decl":{"start":{"line":13,"column":4},"end":{"line":13,"column":5}},"loc":{"start":{"line":13,"column":29},"end":{"line":24,"column":5}},"line":13},"2":{"name":"(anonymous_2)","decl":{"start":{"line":81,"column":8},"end":{"line":81,"column":9}},"loc":{"start":{"line":81,"column":27},"end":{"line":85,"column":9}},"line":81},"3":{"name":"(anonymous_3)","decl":{"start":{"line":106,"column":20},"end":{"line":106,"column":21}},"loc":{"start":{"line":106,"column":30},"end":{"line":108,"column":3}},"line":106}},"branchMap":{"0":{"loc":{"start":{"line":82,"column":10},"end":{"line":84,"column":11}},"type":"if","locations":[{"start":{"line":82,"column":10},"end":{"line":84,"column":11}},{"start":{},"end":{}}],"line":82},"1":{"loc":{"start":{"line":82,"column":14},"end":{"line":82,"column":36}},"type":"binary-expr","locations":[{"start":{"line":82,"column":14},"end":{"line":82,"column":28}},{"start":{"line":82,"column":32},"end":{"line":82,"column":36}}],"line":82}},"s":{"0":1,"1":1,"2":1,"3":1,"4":1,"5":1,"6":1,"7":2,"8":0,"9":1,"10":2,"11":1},"f":{"0":1,"1":1,"2":2,"3":2},"b":{"0":[0,2],"1":[2,2]},"_coverageSchema":"1a1c01bbd47fc00a2c39e90264f33305004495a9","hash":"f25c8548887a8e3832ae5b989d29c10154811e12"}
,"D:\\Hacktiv8\\phase3\\WEEK 3\\FINAL PROJECT\\server\\routers\\cities.js": {"path":"D:\\Hacktiv8\\phase3\\WEEK 3\\FINAL PROJECT\\server\\routers\\cities.js","statementMap":{"0":{"start":{"line":1,"column":23},"end":{"line":1,"column":55}},"1":{"start":{"line":2,"column":15},"end":{"line":2,"column":42}},"2":{"start":{"line":4,"column":0},"end":{"line":4,"column":48}},"3":{"start":{"line":5,"column":0},"end":{"line":5,"column":47}},"4":{"start":{"line":6,"column":0},"end":{"line":6,"column":56}},"5":{"start":{"line":7,"column":0},"end":{"line":7,"column":53}},"6":{"start":{"line":9,"column":0},"end":{"line":9,"column":24}}},"fnMap":{},"branchMap":{},"s":{"0":1,"1":1,"2":1,"3":1,"4":1,"5":1,"6":1},"f":{},"b":{},"_coverageSchema":"1a1c01bbd47fc00a2c39e90264f33305004495a9","hash":"f1edfe306a75cb83517c24254c5aa5f0a6e2823c"}
,"D:\\Hacktiv8\\phase3\\WEEK 3\\FINAL PROJECT\\server\\routers\\destinations.js": {"path":"D:\\Hacktiv8\\phase3\\WEEK 3\\FINAL PROJECT\\server\\routers\\destinations.js","statementMap":{"0":{"start":{"line":1,"column":30},"end":{"line":1,"column":68}},"1":{"start":{"line":3,"column":15},"end":{"line":3,"column":42}},"2":{"start":{"line":5,"column":0},"end":{"line":5,"column":57}},"3":{"start":{"line":6,"column":0},"end":{"line":6,"column":57}},"4":{"start":{"line":7,"column":0},"end":{"line":7,"column":62}},"5":{"start":{"line":9,"column":0},"end":{"line":9,"column":23}}},"fnMap":{},"branchMap":{},"s":{"0":1,"1":1,"2":1,"3":1,"4":1,"5":1},"f":{},"b":{},"_coverageSchema":"1a1c01bbd47fc00a2c39e90264f33305004495a9","hash":"6b58569c2cf9918e397a3795772ee6d7a6bf9ef6"}
,"D:\\Hacktiv8\\phase3\\WEEK 3\\FINAL PROJECT\\server\\routers\\index.js": {"path":"D:\\Hacktiv8\\phase3\\WEEK 3\\FINAL PROJECT\\server\\routers\\index.js","statementMap":{"0":{"start":{"line":1,"column":15},"end":{"line":1,"column":42}},"1":{"start":{"line":2,"column":19},"end":{"line":2,"column":44}},"2":{"start":{"line":3,"column":24},"end":{"line":3,"column":49}},"3":{"start":{"line":5,"column":19},"end":{"line":5,"column":37}},"4":{"start":{"line":7,"column":25},"end":{"line":7,"column":49}},"5":{"start":{"line":8,"column":24},"end":{"line":8,"column":46}},"6":{"start":{"line":9,"column":22},"end":{"line":9,"column":42}},"7":{"start":{"line":10,"column":22},"end":{"line":10,"column":41}},"8":{"start":{"line":11,"column":19},"end":{"line":11,"column":38}},"9":{"start":{"line":12,"column":23},"end":{"line":12,"column":63}},"10":{"start":{"line":15,"column":0},"end":{"line":15,"column":46}},"11":{"start":{"line":16,"column":0},"end":{"line":16,"column":40}},"12":{"start":{"line":18,"column":0},"end":{"line":18,"column":26}},"13":{"start":{"line":19,"column":0},"end":{"line":19,"column":23}},"14":{"start":{"line":20,"column":0},"end":{"line":20,"column":34}},"15":{"start":{"line":23,"column":0},"end":{"line":23,"column":33}},"16":{"start":{"line":29,"column":0},"end":{"line":29,"column":46}},"17":{"start":{"line":32,"column":0},"end":{"line":32,"column":45}},"18":{"start":{"line":34,"column":0},"end":{"line":34,"column":28}},"19":{"start":{"line":35,"column":0},"end":{"line":35,"column":26}},"20":{"start":{"line":37,"column":0},"end":{"line":37,"column":24}}},"fnMap":{},"branchMap":{},"s":{"0":1,"1":1,"2":1,"3":1,"4":1,"5":1,"6":1,"7":1,"8":1,"9":1,"10":1,"11":1,"12":1,"13":1,"14":1,"15":1,"16":1,"17":1,"18":1,"19":1,"20":1},"f":{},"b":{},"_coverageSchema":"1a1c01bbd47fc00a2c39e90264f33305004495a9","hash":"69fbf20f6b5c5d67c4f8c52aecb6588ba2034875"}
,"D:\\Hacktiv8\\phase3\\WEEK 3\\FINAL PROJECT\\server\\routers\\provinces.js": {"path":"D:\\Hacktiv8\\phase3\\WEEK 3\\FINAL PROJECT\\server\\routers\\provinces.js","statementMap":{"0":{"start":{"line":1,"column":24},"end":{"line":1,"column":51}},"1":{"start":{"line":2,"column":27},"end":{"line":2,"column":62}},"2":{"start":{"line":3,"column":22},"end":{"line":3,"column":61}},"3":{"start":{"line":5,"column":0},"end":{"line":5,"column":97}},"4":{"start":{"line":6,"column":0},"end":{"line":6,"column":99}},"5":{"start":{"line":7,"column":0},"end":{"line":7,"column":102}},"6":{"start":{"line":9,"column":0},"end":{"line":9,"column":32}}},"fnMap":{},"branchMap":{},"s":{"0":1,"1":1,"2":1,"3":1,"4":1,"5":1,"6":1},"f":{},"b":{},"_coverageSchema":"1a1c01bbd47fc00a2c39e90264f33305004495a9","hash":"e1d9a42719d6fdec9b27e1f5f8c89d957702ec2b"}
,"D:\\Hacktiv8\\phase3\\WEEK 3\\FINAL PROJECT\\server\\routers\\public.js": {"path":"D:\\Hacktiv8\\phase3\\WEEK 3\\FINAL PROJECT\\server\\routers\\public.js","statementMap":{"0":{"start":{"line":1,"column":22},"end":{"line":1,"column":49}},"1":{"start":{"line":2,"column":27},"end":{"line":2,"column":62}},"2":{"start":{"line":3,"column":25},"end":{"line":3,"column":58}},"3":{"start":{"line":5,"column":0},"end":{"line":5,"column":72}},"4":{"start":{"line":6,"column":0},"end":{"line":6,"column":93}},"5":{"start":{"line":8,"column":0},"end":{"line":8,"column":30}}},"fnMap":{},"branchMap":{},"s":{"0":1,"1":1,"2":1,"3":1,"4":1,"5":1},"f":{},"b":{},"_coverageSchema":"1a1c01bbd47fc00a2c39e90264f33305004495a9","hash":"9a3246a92e0a86428490d36e8748d3ac2d47b118"}
,"D:\\Hacktiv8\\phase3\\WEEK 3\\FINAL PROJECT\\server\\routers\\reviews.js": {"path":"D:\\Hacktiv8\\phase3\\WEEK 3\\FINAL PROJECT\\server\\routers\\reviews.js","statementMap":{"0":{"start":{"line":1,"column":22},"end":{"line":1,"column":49}},"1":{"start":{"line":2,"column":25},"end":{"line":2,"column":58}},"2":{"start":{"line":3,"column":22},"end":{"line":3,"column":61}},"3":{"start":{"line":5,"column":0},"end":{"line":5,"column":60}},"4":{"start":{"line":6,"column":0},"end":{"line":10,"column":2}},"5":{"start":{"line":11,"column":0},"end":{"line":15,"column":2}},"6":{"start":{"line":16,"column":0},"end":{"line":19,"column":2}},"7":{"start":{"line":21,"column":0},"end":{"line":21,"column":31}}},"fnMap":{},"branchMap":{},"s":{"0":1,"1":1,"2":1,"3":1,"4":1,"5":1,"6":1,"7":1},"f":{},"b":{},"_coverageSchema":"1a1c01bbd47fc00a2c39e90264f33305004495a9","hash":"72bc1fdde26fedfa0f5fd694dd669a5951907784"}
,"D:\\Hacktiv8\\phase3\\WEEK 3\\FINAL PROJECT\\server\\routers\\travelSteps.js": {"path":"D:\\Hacktiv8\\phase3\\WEEK 3\\FINAL PROJECT\\server\\routers\\travelSteps.js","statementMap":{"0":{"start":{"line":1,"column":30},"end":{"line":1,"column":67}},"1":{"start":{"line":3,"column":15},"end":{"line":3,"column":42}},"2":{"start":{"line":5,"column":0},"end":{"line":5,"column":56}},"3":{"start":{"line":6,"column":0},"end":{"line":6,"column":56}},"4":{"start":{"line":7,"column":0},"end":{"line":7,"column":67}},"5":{"start":{"line":9,"column":0},"end":{"line":9,"column":23}}},"fnMap":{},"branchMap":{},"s":{"0":1,"1":1,"2":1,"3":1,"4":1,"5":1},"f":{},"b":{},"_coverageSchema":"1a1c01bbd47fc00a2c39e90264f33305004495a9","hash":"1ec1d74813fbe0b65d5c67e3b98eda7faa8b1c8b"}
,"D:\\Hacktiv8\\phase3\\WEEK 3\\FINAL PROJECT\\server\\routers\\users.js": {"path":"D:\\Hacktiv8\\phase3\\WEEK 3\\FINAL PROJECT\\server\\routers\\users.js","statementMap":{"0":{"start":{"line":1,"column":15},"end":{"line":1,"column":42}},"1":{"start":{"line":2,"column":23},"end":{"line":2,"column":54}},"2":{"start":{"line":3,"column":22},"end":{"line":3,"column":61}},"3":{"start":{"line":6,"column":0},"end":{"line":6,"column":74}},"4":{"start":{"line":7,"column":0},"end":{"line":7,"column":76}},"5":{"start":{"line":8,"column":0},"end":{"line":8,"column":105}},"6":{"start":{"line":9,"column":0},"end":{"line":9,"column":109}},"7":{"start":{"line":10,"column":0},"end":{"line":10,"column":101}},"8":{"start":{"line":12,"column":0},"end":{"line":12,"column":24}}},"fnMap":{},"branchMap":{},"s":{"0":1,"1":1,"2":1,"3":1,"4":1,"5":1,"6":1,"7":1,"8":1},"f":{},"b":{},"_coverageSchema":"1a1c01bbd47fc00a2c39e90264f33305004495a9","hash":"d202f0290cbc558baf70290b795932af61fceb5a"}
}
