TN:
SF:app.js
FNF:0
FNH:0
DA:1,5
DA:2,5
DA:5,5
DA:6,5
DA:7,5
DA:8,5
DA:9,5
DA:11,5
DA:12,5
DA:13,5
DA:15,5
DA:16,5
DA:18,5
LF:13
LH:13
BRDA:1,0,0,5
BRDA:1,0,1,0
BRF:2
BRH:1
end_of_record
TN:
SF:controllers/cities.js
FN:4,(anonymous_0)
FN:13,(anonymous_1)
FN:41,(anonymous_2)
FN:62,(anonymous_3)
FNF:4
FNH:0
FNDA:0,(anonymous_0)
FNDA:0,(anonymous_1)
FNDA:0,(anonymous_2)
FNDA:0,(anonymous_3)
DA:1,5
DA:5,0
DA:6,0
DA:7,0
DA:9,0
DA:14,0
DA:15,0
DA:16,0
DA:20,0
DA:25,0
DA:30,0
DA:31,0
DA:37,0
DA:42,0
DA:43,0
DA:44,0
DA:46,0
DA:47,0
DA:49,0
DA:56,0
DA:58,0
DA:63,0
DA:64,0
DA:65,0
DA:68,0
DA:69,0
DA:71,0
DA:72,0
DA:74,0
DA:75,0
DA:77,0
DA:82,5
LF:32
LH:2
BRDA:30,0,0,0
BRDA:30,0,1,0
BRDA:47,1,0,0
BRDA:47,1,1,0
BRDA:69,2,0,0
BRDA:69,2,1,0
BRDA:72,3,0,0
BRDA:72,3,1,0
BRF:8
BRH:0
end_of_record
TN:
SF:controllers/destinations.js
FN:12,(anonymous_0)
FN:25,(anonymous_1)
FN:41,(anonymous_2)
FN:87,(anonymous_3)
FN:114,(anonymous_4)
FNF:5
FNH:2
FNDA:0,(anonymous_0)
FNDA:0,(anonymous_1)
FNDA:1,(anonymous_2)
FNDA:1,(anonymous_3)
FNDA:0,(anonymous_4)
DA:1,5
DA:9,5
DA:13,0
DA:14,0
DA:16,0
DA:17,0
DA:18,0
DA:20,0
DA:24,0
DA:25,0
DA:26,0
DA:31,0
DA:34,0
DA:35,0
DA:37,0
DA:38,0
DA:42,1
DA:43,1
DA:44,1
DA:45,1
DA:47,1
DA:48,0
DA:49,0
DA:51,0
DA:52,0
DA:54,0
DA:55,0
DA:59,1
DA:60,0
DA:65,1
DA:66,0
DA:69,0
DA:70,0
DA:72,0
DA:73,0
DA:74,0
DA:75,1
DA:76,0
DA:77,0
DA:78,0
DA:80,1
DA:81,1
DA:84,0
DA:88,1
DA:89,1
DA:91,1
DA:102,1
DA:105,1
DA:106,0
DA:108,1
DA:109,1
DA:110,1
DA:111,1
DA:112,1
DA:114,1
DA:115,0
DA:116,0
DA:117,0
DA:118,0
DA:119,0
DA:122,1
DA:129,1
DA:133,0
DA:138,5
LF:64
LH:26
BRDA:24,0,0,0
BRDA:24,0,1,0
BRDA:47,1,0,0
BRDA:47,1,1,1
BRDA:48,2,0,0
BRDA:48,2,1,0
BRDA:51,3,0,0
BRDA:51,3,1,0
BRDA:54,4,0,0
BRDA:54,4,1,0
BRDA:59,5,0,0
BRDA:59,5,1,1
BRDA:65,6,0,0
BRDA:65,6,1,1
BRDA:69,7,0,0
BRDA:69,7,1,0
BRDA:75,8,0,0
BRDA:75,8,1,1
BRDA:105,9,0,0
BRDA:105,9,1,1
BRF:20
BRH:5
end_of_record
TN:
SF:controllers/hotels.js
FN:13,(anonymous_0)
FN:30,(anonymous_1)
FN:55,(anonymous_2)
FNF:3
FNH:0
FNDA:0,(anonymous_0)
FNDA:0,(anonymous_1)
FNDA:0,(anonymous_2)
DA:1,5
DA:9,5
DA:14,0
DA:15,0
DA:24,0
DA:26,0
DA:31,0
DA:32,0
DA:40,0
DA:41,0
DA:42,0
DA:43,0
DA:46,0
DA:47,0
DA:54,0
DA:55,0
DA:56,0
DA:57,0
DA:58,0
DA:59,0
DA:61,0
DA:70,0
DA:72,0
DA:78,5
LF:24
LH:3
BRDA:46,0,0,0
BRDA:46,0,1,0
BRDA:54,1,0,0
BRDA:54,1,1,0
BRF:4
BRH:0
end_of_record
TN:
SF:controllers/index.js
FN:6,(anonymous_0)
FN:20,(anonymous_1)
FNF:2
FNH:2
FNDA:13,(anonymous_0)
FNDA:6,(anonymous_1)
DA:1,5
DA:2,5
DA:3,5
DA:7,13
DA:8,13
DA:10,13
DA:12,7
DA:16,6
DA:21,6
DA:22,6
DA:24,6
DA:25,1
DA:28,5
DA:29,1
DA:32,4
DA:34,4
DA:35,1
DA:38,3
DA:39,1
DA:42,2
DA:47,4
DA:52,5
LF:22
LH:22
BRDA:24,0,0,1
BRDA:24,0,1,5
BRDA:28,1,0,1
BRDA:28,1,1,4
BRDA:34,2,0,1
BRDA:34,2,1,3
BRDA:38,3,0,1
BRDA:38,3,1,2
BRF:8
BRH:8
end_of_record
TN:
SF:controllers/midtrans.js
FN:5,(anonymous_0)
FNF:1
FNH:0
FNDA:0,(anonymous_0)
DA:1,5
DA:2,5
DA:6,0
DA:7,0
DA:14,0
DA:33,0
DA:34,0
DA:36,0
DA:38,0
DA:43,5
LF:10
LH:3
BRF:0
BRH:0
end_of_record
TN:
SF:controllers/provinces.js
FN:4,(anonymous_0)
FN:15,(anonymous_1)
FN:32,(anonymous_2)
FN:46,(anonymous_3)
FNF:4
FNH:4
FNDA:1,(anonymous_0)
FNDA:1,(anonymous_1)
FNDA:1,(anonymous_2)
FNDA:1,(anonymous_3)
DA:1,5
DA:5,1
DA:6,1
DA:8,1
DA:9,0
DA:11,1
DA:16,1
DA:17,1
DA:18,1
DA:20,1
DA:21,1
DA:23,1
DA:24,1
DA:26,1
DA:28,0
DA:33,1
DA:34,1
DA:36,1
DA:37,1
DA:39,1
DA:40,1
DA:42,0
DA:47,1
DA:48,1
DA:49,1
DA:51,0
DA:52,0
DA:57,5
LF:28
LH:23
BRDA:21,0,0,0
BRDA:21,0,1,1
BRDA:37,1,0,0
BRDA:37,1,1,1
BRF:4
BRH:2
end_of_record
TN:
SF:controllers/reviews.js
FN:4,(anonymous_0)
FN:34,(anonymous_1)
FN:58,(anonymous_2)
FN:74,(anonymous_3)
FN:86,(anonymous_4)
FNF:5
FNH:0
FNDA:0,(anonymous_0)
FNDA:0,(anonymous_1)
FNDA:0,(anonymous_2)
FNDA:0,(anonymous_3)
FNDA:0,(anonymous_4)
DA:1,5
DA:5,0
DA:6,0
DA:7,0
DA:8,0
DA:18,0
DA:20,0
DA:21,0
DA:24,0
DA:26,0
DA:30,0
DA:35,0
DA:36,0
DA:37,0
DA:39,0
DA:40,0
DA:42,0
DA:50,0
DA:54,0
DA:59,0
DA:60,0
DA:62,0
DA:63,0
DA:65,0
DA:66,0
DA:70,0
DA:75,0
DA:76,0
DA:77,0
DA:80,0
DA:81,0
DA:82,0
DA:83,0
DA:84,0
DA:86,0
DA:87,0
DA:88,0
DA:89,0
DA:90,0
DA:91,0
DA:94,0
DA:101,0
DA:103,0
DA:108,5
LF:44
LH:2
BRDA:20,0,0,0
BRDA:20,0,1,0
BRDA:40,1,0,0
BRDA:40,1,1,0
BRDA:63,2,0,0
BRDA:63,2,1,0
BRF:6
BRH:0
end_of_record
TN:
SF:controllers/travelSteps.js
FN:5,(anonymous_0)
FN:13,(anonymous_1)
FN:21,(anonymous_2)
FN:52,(anonymous_3)
FN:52,(anonymous_4)
FN:71,(anonymous_5)
FN:74,combinationUtil
FN:92,printCombination
FN:99,(anonymous_8)
FN:100,(anonymous_9)
FN:100,(anonymous_10)
FN:106,(anonymous_11)
FNF:12
FNH:0
FNDA:0,(anonymous_0)
FNDA:0,(anonymous_1)
FNDA:0,(anonymous_2)
FNDA:0,(anonymous_3)
FNDA:0,(anonymous_4)
FNDA:0,(anonymous_5)
FNDA:0,combinationUtil
FNDA:0,printCombination
FNDA:0,(anonymous_8)
FNDA:0,(anonymous_9)
FNDA:0,(anonymous_10)
FNDA:0,(anonymous_11)
DA:1,5
DA:2,5
DA:6,0
DA:7,0
DA:10,0
DA:14,0
DA:15,0
DA:18,0
DA:22,0
DA:23,0
DA:24,0
DA:25,0
DA:27,0
DA:33,0
DA:34,0
DA:40,0
DA:41,0
DA:43,0
DA:44,0
DA:46,0
DA:47,0
DA:48,0
DA:49,0
DA:50,0
DA:51,0
DA:52,0
DA:53,0
DA:54,0
DA:57,0
DA:58,0
DA:62,0
DA:63,0
DA:65,0
DA:66,0
DA:68,0
DA:72,0
DA:73,0
DA:75,0
DA:76,0
DA:77,0
DA:79,0
DA:80,0
DA:81,0
DA:83,0
DA:85,0
DA:86,0
DA:88,0
DA:89,0
DA:90,0
DA:93,0
DA:94,0
DA:96,0
DA:97,0
DA:100,0
DA:101,0
DA:102,0
DA:104,0
DA:107,0
DA:108,0
DA:110,0
DA:116,5
LF:61
LH:3
BRDA:24,0,0,0
BRDA:24,0,1,0
BRDA:40,1,0,0
BRDA:40,1,1,0
BRDA:43,2,0,0
BRDA:43,2,1,0
BRDA:51,3,0,0
BRDA:51,3,1,0
BRDA:53,4,0,0
BRDA:53,4,1,0
BRDA:57,5,0,0
BRDA:57,5,1,0
BRDA:62,6,0,0
BRDA:62,6,1,0
BRDA:75,7,0,0
BRDA:75,7,1,0
BRDA:79,8,0,0
BRDA:79,8,1,0
BRDA:85,9,0,0
BRDA:85,9,1,0
BRDA:101,10,0,0
BRDA:101,10,1,0
BRDA:107,11,0,0
BRDA:107,11,1,0
BRF:24
BRH:0
end_of_record
TN:
SF:controllers/users.js
FN:6,(anonymous_0)
FN:14,(anonymous_1)
FN:41,(anonymous_2)
FN:81,(anonymous_3)
FN:93,(anonymous_4)
FN:130,(anonymous_5)
FN:142,(anonymous_6)
FNF:7
FNH:5
FNDA:1,(anonymous_0)
FNDA:7,(anonymous_1)
FNDA:3,(anonymous_2)
FNDA:0,(anonymous_3)
FNDA:3,(anonymous_4)
FNDA:0,(anonymous_5)
FNDA:1,(anonymous_6)
DA:1,5
DA:2,5
DA:3,5
DA:7,1
DA:8,1
DA:10,1
DA:15,7
DA:16,7
DA:17,1
DA:18,6
DA:19,1
DA:22,5
DA:29,5
DA:35,1
DA:37,6
DA:42,3
DA:43,3
DA:45,3
DA:46,1
DA:48,2
DA:51,1
DA:61,1
DA:81,1
DA:82,0
DA:83,0
DA:87,1
DA:89,2
DA:94,3
DA:95,3
DA:97,3
DA:98,1
DA:100,2
DA:103,1
DA:113,1
DA:130,1
DA:131,0
DA:132,0
DA:136,1
DA:138,2
DA:143,1
DA:144,1
DA:146,1
DA:148,1
DA:153,5
LF:44
LH:40
BRDA:16,0,0,1
BRDA:16,0,1,6
BRDA:18,1,0,1
BRDA:18,1,1,5
BRDA:45,2,0,1
BRDA:45,2,1,2
BRDA:82,3,0,0
BRDA:82,3,1,0
BRDA:97,4,0,1
BRDA:97,4,1,2
BRDA:131,5,0,0
BRDA:131,5,1,0
BRF:12
BRH:8
end_of_record
TN:
SF:helpers/bcryptjs.js
FN:3,hashPassword
FN:7,comparePassword
FNF:2
FNH:2
FNDA:42,hashPassword
FNDA:3,comparePassword
DA:1,5
DA:4,42
DA:8,3
DA:11,5
LF:4
LH:4
BRF:0
BRH:0
end_of_record
TN:
SF:helpers/jsonwebtoken.js
FN:4,createToken
FN:8,verifyToken
FNF:2
FNH:2
FNDA:8,createToken
FNDA:21,verifyToken
DA:1,5
DA:2,5
DA:5,8
DA:9,21
DA:12,5
LF:5
LH:5
BRF:0
BRH:0
end_of_record
TN:
SF:middlewares/Authentication.js
FN:5,(anonymous_0)
FNF:1
FNH:1
FNDA:21,(anonymous_0)
DA:1,5
DA:2,5
DA:6,21
DA:7,21
DA:8,21
DA:10,21
DA:11,21
DA:13,21
DA:14,21
DA:16,21
DA:17,21
DA:19,21
DA:21,0
DA:26,5
LF:14
LH:13
BRDA:8,0,0,0
BRDA:8,0,1,21
BRDA:11,1,0,0
BRDA:11,1,1,21
BRDA:14,2,0,0
BRDA:14,2,1,21
BRF:6
BRH:3
end_of_record
TN:
SF:middlewares/Authorization.js
FN:4,(anonymous_0)
FN:19,(anonymous_1)
FNF:2
FNH:1
FNDA:0,(anonymous_0)
FNDA:6,(anonymous_1)
DA:1,5
DA:5,0
DA:6,0
DA:8,0
DA:9,0
DA:11,0
DA:13,0
DA:15,0
DA:20,6
DA:21,6
DA:22,3
DA:24,3
DA:29,5
LF:13
LH:6
BRDA:6,0,0,0
BRDA:6,0,1,0
BRDA:6,1,0,0
BRDA:6,1,1,0
BRDA:11,2,0,0
BRDA:11,2,1,0
BRDA:21,3,0,3
BRDA:21,3,1,3
BRDA:21,4,0,6
BRDA:21,4,1,0
BRF:10
BRH:3
end_of_record
TN:
SF:middlewares/errorHandler.js
FN:1,(anonymous_0)
FNF:1
FNH:1
FNDA:24,(anonymous_0)
DA:1,5
DA:2,24
DA:3,24
DA:5,24
DA:6,9
DA:7,9
DA:8,15
DA:9,2
DA:10,2
DA:11,13
DA:12,1
DA:13,1
DA:14,12
DA:15,0
DA:16,0
DA:17,12
DA:18,0
DA:19,0
DA:20,12
DA:24,4
DA:25,4
DA:26,8
DA:27,0
DA:28,0
DA:29,8
DA:30,0
DA:31,0
DA:32,8
DA:36,3
DA:37,3
DA:38,5
DA:39,2
DA:40,2
DA:41,3
DA:47,0
DA:48,0
DA:49,3
DA:50,3
DA:51,3
DA:52,0
DA:53,0
DA:54,0
DA:56,0
DA:57,0
DA:58,0
DA:60,0
DA:61,0
DA:62,0
DA:64,0
DA:65,0
DA:66,0
DA:67,0
DA:68,0
DA:69,0
DA:72,24
DA:73,24
DA:76,5
LF:57
LH:32
BRDA:5,0,0,9
BRDA:5,0,1,15
BRDA:8,1,0,2
BRDA:8,1,1,13
BRDA:11,2,0,1
BRDA:11,2,1,12
BRDA:14,3,0,0
BRDA:14,3,1,12
BRDA:17,4,0,0
BRDA:17,4,1,12
BRDA:20,5,0,4
BRDA:20,5,1,8
BRDA:21,6,0,12
BRDA:21,6,1,10
BRDA:26,7,0,0
BRDA:26,7,1,8
BRDA:29,8,0,0
BRDA:29,8,1,8
BRDA:32,9,0,3
BRDA:32,9,1,5
BRDA:33,10,0,8
BRDA:33,10,1,7
BRDA:38,11,0,2
BRDA:38,11,1,3
BRDA:41,12,0,0
BRDA:41,12,1,3
BRDA:42,13,0,3
BRDA:42,13,1,3
BRDA:42,13,2,3
BRDA:42,13,3,3
BRDA:49,14,0,3
BRDA:49,14,1,0
BRDA:52,15,0,0
BRDA:52,15,1,0
BRDA:56,16,0,0
BRDA:56,16,1,0
BRDA:60,17,0,0
BRDA:60,17,1,0
BRDA:64,18,0,0
BRDA:64,18,1,0
BRDA:67,19,0,0
BRDA:67,19,1,0
BRF:42
BRH:26
end_of_record
TN:
SF:models/city.js
FN:3,(anonymous_0)
FN:10,(anonymous_1)
FN:88,(anonymous_2)
FNF:3
FNH:3
FNDA:5,(anonymous_0)
FNDA:5,(anonymous_1)
FNDA:1,(anonymous_2)
DA:2,5
DA:3,5
DA:12,5
DA:15,5
DA:20,5
DA:88,5
DA:89,1
DA:90,1
DA:93,5
LF:9
LH:9
BRF:0
BRH:0
end_of_record
TN:
SF:models/destination.js
FN:3,(anonymous_0)
FN:10,(anonymous_1)
FNF:2
FNH:2
FNDA:5,(anonymous_0)
FNDA:5,(anonymous_1)
DA:2,5
DA:3,5
DA:12,5
DA:17,5
DA:20,5
DA:23,5
DA:26,5
DA:31,5
DA:147,5
LF:9
LH:9
BRF:0
BRH:0
end_of_record
TN:
SF:models/favourite.js
FN:5,(anonymous_0)
FN:12,(anonymous_1)
FNF:2
FNH:2
FNDA:5,(anonymous_0)
FNDA:5,(anonymous_1)
DA:4,5
DA:5,5
DA:14,5
DA:17,5
DA:22,5
DA:43,5
LF:6
LH:6
BRF:0
BRH:0
end_of_record
TN:
SF:models/hotel.js
FN:5,(anonymous_0)
FN:12,(anonymous_1)
FNF:2
FNH:2
FNDA:5,(anonymous_0)
FNDA:5,(anonymous_1)
DA:4,5
DA:5,5
DA:14,5
DA:17,5
DA:20,5
DA:25,5
DA:38,5
LF:7
LH:7
BRF:0
BRH:0
end_of_record
TN:
SF:models/image.js
FN:5,(anonymous_0)
FN:12,(anonymous_1)
FNF:2
FNH:2
FNDA:5,(anonymous_0)
FNDA:5,(anonymous_1)
DA:4,5
DA:5,5
DA:14,5
DA:17,5
DA:22,5
DA:43,5
LF:6
LH:6
BRF:0
BRH:0
end_of_record
TN:
SF:models/index.js
FN:21,(anonymous_0)
FN:24,(anonymous_1)
FN:29,(anonymous_2)
FNF:3
FNH:3
FNDA:50,(anonymous_0)
FNDA:45,(anonymous_1)
FNDA:45,(anonymous_2)
DA:3,5
DA:4,5
DA:5,5
DA:6,5
DA:7,5
DA:8,5
DA:9,5
DA:10,5
DA:13,5
DA:14,0
DA:16,5
DA:19,5
DA:22,50
DA:25,45
DA:26,45
DA:29,5
DA:30,45
DA:31,45
DA:35,5
DA:36,5
DA:38,5
LF:21
LH:20
BRDA:8,0,0,5
BRDA:8,0,1,0
BRDA:13,1,0,0
BRDA:13,1,1,5
BRDA:22,2,0,50
BRDA:22,2,1,50
BRDA:22,2,2,45
BRDA:30,3,0,45
BRDA:30,3,1,0
BRF:9
BRH:6
end_of_record
TN:
SF:models/province.js
FN:5,(anonymous_0)
FN:12,(anonymous_1)
FNF:2
FNH:2
FNDA:5,(anonymous_0)
FNDA:5,(anonymous_1)
DA:4,5
DA:5,5
DA:14,5
DA:19,5
DA:48,5
LF:5
LH:5
BRF:0
BRH:0
end_of_record
TN:
SF:models/review.js
FN:5,(anonymous_0)
FN:12,(anonymous_1)
FNF:2
FNH:2
FNDA:5,(anonymous_0)
FNDA:5,(anonymous_1)
DA:4,5
DA:5,5
DA:14,5
DA:17,5
DA:20,5
DA:25,5
DA:105,5
LF:7
LH:7
BRF:0
BRH:0
end_of_record
TN:
SF:models/travelstep.js
FN:5,(anonymous_0)
FN:12,(anonymous_1)
FNF:2
FNH:2
FNDA:5,(anonymous_0)
FNDA:5,(anonymous_1)
DA:4,5
DA:5,5
DA:16,5
DA:23,5
LF:4
LH:4
BRF:0
BRH:0
end_of_record
TN:
SF:models/user.js
FN:6,(anonymous_0)
FN:13,(anonymous_1)
FN:81,(anonymous_2)
FN:106,(anonymous_3)
FN:110,(anonymous_4)
FNF:5
FNH:4
FNDA:5,(anonymous_0)
FNDA:5,(anonymous_1)
FNDA:23,(anonymous_2)
FNDA:14,(anonymous_3)
FNDA:0,(anonymous_4)
DA:4,5
DA:5,5
DA:6,5
DA:15,5
DA:18,5
DA:21,5
DA:26,5
DA:82,23
DA:83,1
DA:106,5
DA:107,14
DA:110,5
DA:111,0
DA:118,5
LF:14
LH:13
BRDA:82,0,0,1
BRDA:82,0,1,22
BRDA:82,1,0,23
BRDA:82,1,1,22
BRF:4
BRH:4
end_of_record
TN:
SF:routers/cities.js
FNF:0
FNH:0
DA:1,5
DA:2,5
DA:4,5
DA:5,5
DA:6,5
DA:7,5
DA:9,5
LF:7
LH:7
BRF:0
BRH:0
end_of_record
TN:
SF:routers/destinations.js
FNF:0
FNH:0
DA:1,5
DA:3,5
DA:5,5
DA:6,5
DA:7,5
DA:9,5
LF:6
LH:6
BRF:0
BRH:0
end_of_record
TN:
SF:routers/hotels.js
FNF:0
FNH:0
DA:1,5
DA:3,5
DA:6,5
DA:7,5
DA:11,5
LF:5
LH:5
BRF:0
BRH:0
end_of_record
TN:
SF:routers/index.js
FNF:0
FNH:0
DA:1,5
DA:2,5
DA:3,5
DA:4,5
DA:6,5
DA:7,5
DA:8,5
DA:9,5
DA:10,5
DA:11,5
DA:12,5
DA:13,5
DA:16,5
DA:17,5
DA:19,5
DA:20,5
DA:21,5
DA:24,5
DA:27,5
DA:30,5
DA:33,5
DA:35,5
DA:36,5
DA:39,5
DA:41,5
LF:25
LH:25
BRF:0
BRH:0
end_of_record
TN:
SF:routers/midtrans.js
FNF:0
FNH:0
DA:1,5
DA:2,5
DA:4,5
DA:6,5
LF:4
LH:4
BRF:0
BRH:0
end_of_record
TN:
SF:routers/provinces.js
FNF:0
FNH:0
DA:1,5
DA:2,5
DA:3,5
DA:5,5
DA:6,5
DA:7,5
DA:9,5
LF:7
LH:7
BRF:0
BRH:0
end_of_record
TN:
SF:routers/public.js
FNF:0
FNH:0
DA:1,5
DA:2,5
DA:3,5
DA:4,5
DA:7,5
DA:8,5
DA:11,5
DA:12,5
DA:14,5
LF:9
LH:9
BRF:0
BRH:0
end_of_record
TN:
SF:routers/reviews.js
FNF:0
FNH:0
DA:1,5
DA:2,5
DA:3,5
DA:5,5
DA:6,5
DA:11,5
DA:16,5
DA:21,5
LF:8
LH:8
BRF:0
BRH:0
end_of_record
TN:
SF:routers/travelSteps.js
FNF:0
FNH:0
DA:1,5
DA:3,5
DA:5,5
DA:6,5
DA:7,5
DA:9,5
LF:6
LH:6
BRF:0
BRH:0
end_of_record
TN:
SF:routers/users.js
FNF:0
FNH:0
DA:1,5
DA:2,5
DA:5,5
DA:6,5
DA:7,5
DA:8,5
DA:9,5
DA:11,5
LF:8
LH:8
BRF:0
BRH:0
end_of_record
