TN:
SF:app.js
FNF:0
FNH:0
DA:1,1
DA:2,1
DA:5,1
DA:6,1
DA:7,1
DA:8,1
DA:9,1
DA:11,1
DA:12,1
DA:13,1
DA:15,1
DA:16,1
DA:18,1
LF:13
LH:13
BRDA:1,0,0,1
BRDA:1,0,1,0
BRF:2
BRH:1
end_of_record
TN:
SF:controllers/cities.js
FN:4,(anonymous_0)
FN:13,(anonymous_1)
FN:41,(anonymous_2)
FN:62,(anonymous_3)
FNF:4
FNH:0
FNDA:0,(anonymous_0)
FNDA:0,(anonymous_1)
FNDA:0,(anonymous_2)
FNDA:0,(anonymous_3)
DA:1,1
DA:5,0
DA:6,0
DA:7,0
DA:9,0
DA:14,0
DA:15,0
DA:16,0
DA:20,0
DA:25,0
DA:30,0
DA:31,0
DA:37,0
DA:42,0
DA:43,0
DA:44,0
DA:46,0
DA:47,0
DA:49,0
DA:56,0
DA:58,0
DA:63,0
DA:64,0
DA:65,0
DA:68,0
DA:69,0
DA:71,0
DA:72,0
DA:74,0
DA:75,0
DA:77,0
DA:82,1
LF:32
LH:2
BRDA:30,0,0,0
BRDA:30,0,1,0
BRDA:47,1,0,0
BRDA:47,1,1,0
BRDA:69,2,0,0
BRDA:69,2,1,0
BRDA:72,3,0,0
BRDA:72,3,1,0
BRF:8
BRH:0
end_of_record
TN:
SF:controllers/destinations.js
FN:12,(anonymous_0)
FN:25,(anonymous_1)
FN:41,(anonymous_2)
FN:87,(anonymous_3)
FN:115,(anonymous_4)
FNF:5
FNH:0
FNDA:0,(anonymous_0)
FNDA:0,(anonymous_1)
FNDA:0,(anonymous_2)
FNDA:0,(anonymous_3)
FNDA:0,(anonymous_4)
DA:1,1
DA:9,1
DA:13,0
DA:14,0
DA:16,0
DA:17,0
DA:18,0
DA:20,0
DA:24,0
DA:25,0
DA:26,0
DA:31,0
DA:34,0
DA:35,0
DA:37,0
DA:38,0
DA:42,0
DA:43,0
DA:44,0
DA:45,0
DA:47,0
DA:48,0
DA:49,0
DA:51,0
DA:52,0
DA:54,0
DA:55,0
DA:59,0
DA:60,0
DA:65,0
DA:66,0
DA:69,0
DA:70,0
DA:72,0
DA:73,0
DA:74,0
DA:75,0
DA:76,0
DA:77,0
DA:78,0
DA:80,0
DA:81,0
DA:84,0
DA:88,0
DA:89,0
DA:91,0
DA:102,0
DA:103,0
DA:106,0
DA:107,0
DA:109,0
DA:110,0
DA:111,0
DA:112,0
DA:113,0
DA:115,0
DA:116,0
DA:117,0
DA:118,0
DA:119,0
DA:120,0
DA:123,0
DA:130,0
DA:134,0
DA:139,1
LF:65
LH:3
BRDA:24,0,0,0
BRDA:24,0,1,0
BRDA:47,1,0,0
BRDA:47,1,1,0
BRDA:48,2,0,0
BRDA:48,2,1,0
BRDA:51,3,0,0
BRDA:51,3,1,0
BRDA:54,4,0,0
BRDA:54,4,1,0
BRDA:59,5,0,0
BRDA:59,5,1,0
BRDA:65,6,0,0
BRDA:65,6,1,0
BRDA:69,7,0,0
BRDA:69,7,1,0
BRDA:75,8,0,0
BRDA:75,8,1,0
BRDA:102,9,0,0
BRDA:102,9,1,0
BRDA:106,10,0,0
BRDA:106,10,1,0
BRF:22
BRH:0
end_of_record
TN:
SF:controllers/hotels.js
FN:13,(anonymous_0)
FN:30,(anonymous_1)
FN:57,(anonymous_2)
FNF:3
FNH:0
FNDA:0,(anonymous_0)
FNDA:0,(anonymous_1)
FNDA:0,(anonymous_2)
DA:1,1
DA:9,1
DA:14,0
DA:15,0
DA:24,0
DA:26,0
DA:31,0
DA:32,0
DA:40,0
DA:42,0
DA:43,0
DA:44,0
DA:45,0
DA:48,0
DA:49,0
DA:56,0
DA:57,0
DA:58,0
DA:59,0
DA:60,0
DA:61,0
DA:63,0
DA:72,0
DA:74,0
DA:80,1
LF:25
LH:3
BRDA:40,0,0,0
BRDA:40,0,1,0
BRDA:48,1,0,0
BRDA:48,1,1,0
BRDA:56,2,0,0
BRDA:56,2,1,0
BRF:6
BRH:0
end_of_record
TN:
SF:controllers/index.js
FN:6,(anonymous_0)
FN:20,(anonymous_1)
FNF:2
FNH:1
FNDA:0,(anonymous_0)
FNDA:1,(anonymous_1)
DA:1,1
DA:2,1
DA:3,1
DA:7,0
DA:8,0
DA:10,0
DA:12,0
DA:16,0
DA:21,1
DA:22,1
DA:24,1
DA:25,0
DA:28,1
DA:29,0
DA:32,1
DA:34,1
DA:35,0
DA:38,1
DA:39,0
DA:42,1
DA:47,0
DA:52,1
LF:22
LH:12
BRDA:24,0,0,0
BRDA:24,0,1,1
BRDA:28,1,0,0
BRDA:28,1,1,1
BRDA:34,2,0,0
BRDA:34,2,1,1
BRDA:38,3,0,0
BRDA:38,3,1,1
BRF:8
BRH:4
end_of_record
TN:
SF:controllers/midtrans.js
FN:5,(anonymous_0)
FNF:1
FNH:0
FNDA:0,(anonymous_0)
DA:1,1
DA:2,1
DA:6,0
DA:7,0
DA:14,0
DA:33,0
DA:34,0
DA:36,0
DA:38,0
DA:43,1
LF:10
LH:3
BRF:0
BRH:0
end_of_record
TN:
SF:controllers/provinces.js
FN:4,(anonymous_0)
FN:15,(anonymous_1)
FN:32,(anonymous_2)
FN:46,(anonymous_3)
FNF:4
FNH:0
FNDA:0,(anonymous_0)
FNDA:0,(anonymous_1)
FNDA:0,(anonymous_2)
FNDA:0,(anonymous_3)
DA:1,1
DA:5,0
DA:6,0
DA:8,0
DA:9,0
DA:11,0
DA:16,0
DA:17,0
DA:18,0
DA:20,0
DA:21,0
DA:23,0
DA:24,0
DA:26,0
DA:28,0
DA:33,0
DA:34,0
DA:36,0
DA:37,0
DA:39,0
DA:40,0
DA:42,0
DA:47,0
DA:48,0
DA:49,0
DA:51,0
DA:52,0
DA:57,1
LF:28
LH:2
BRDA:21,0,0,0
BRDA:21,0,1,0
BRDA:37,1,0,0
BRDA:37,1,1,0
BRF:4
BRH:0
end_of_record
TN:
SF:controllers/reviews.js
FN:4,(anonymous_0)
FN:38,(anonymous_1)
FN:62,(anonymous_2)
FN:78,(anonymous_3)
FN:93,(anonymous_4)
FN:117,(anonymous_5)
FN:132,(anonymous_6)
FN:155,(anonymous_7)
FN:168,(anonymous_8)
FN:181,(anonymous_9)
FNF:10
FNH:0
FNDA:0,(anonymous_0)
FNDA:0,(anonymous_1)
FNDA:0,(anonymous_2)
FNDA:0,(anonymous_3)
FNDA:0,(anonymous_4)
FNDA:0,(anonymous_5)
FNDA:0,(anonymous_6)
FNDA:0,(anonymous_7)
FNDA:0,(anonymous_8)
FNDA:0,(anonymous_9)
DA:1,1
DA:5,0
DA:6,0
DA:7,0
DA:8,0
DA:17,0
DA:18,0
DA:20,0
DA:21,0
DA:24,0
DA:29,0
DA:30,0
DA:34,0
DA:39,0
DA:40,0
DA:41,0
DA:43,0
DA:44,0
DA:46,0
DA:54,0
DA:58,0
DA:63,0
DA:64,0
DA:66,0
DA:67,0
DA:69,0
DA:70,0
DA:74,0
DA:79,0
DA:80,0
DA:81,0
DA:85,0
DA:86,0
DA:87,0
DA:88,0
DA:89,0
DA:90,0
DA:91,0
DA:93,0
DA:94,0
DA:95,0
DA:96,0
DA:97,0
DA:98,0
DA:104,0
DA:111,0
DA:113,0
DA:114,0
DA:118,0
DA:119,0
DA:120,0
DA:125,0
DA:126,0
DA:127,0
DA:128,0
DA:129,0
DA:130,0
DA:132,0
DA:133,0
DA:134,0
DA:135,0
DA:136,0
DA:137,0
DA:143,0
DA:150,0
DA:152,0
DA:156,0
DA:157,0
DA:160,0
DA:163,0
DA:164,0
DA:165,0
DA:166,0
DA:168,0
DA:169,0
DA:170,0
DA:171,0
DA:172,0
DA:175,0
DA:181,0
DA:182,0
DA:188,0
DA:190,0
DA:195,1
LF:84
LH:2
BRDA:20,0,0,0
BRDA:20,0,1,0
BRDA:44,1,0,0
BRDA:44,1,1,0
BRDA:67,2,0,0
BRDA:67,2,1,0
BRDA:86,3,0,0
BRDA:86,3,1,0
BRDA:125,4,0,0
BRDA:125,4,1,0
BRF:10
BRH:0
end_of_record
TN:
SF:controllers/travelSteps.js
FN:5,(anonymous_0)
FN:20,(anonymous_1)
FN:34,(anonymous_2)
FN:50,(anonymous_3)
FN:81,(anonymous_4)
FN:81,(anonymous_5)
FN:100,(anonymous_6)
FN:103,combinationUtil
FN:121,printCombination
FN:128,(anonymous_9)
FN:129,(anonymous_10)
FN:129,(anonymous_11)
FN:135,(anonymous_12)
FNF:13
FNH:13
FNDA:2,(anonymous_0)
FNDA:2,(anonymous_1)
FNDA:2,(anonymous_2)
FNDA:6,(anonymous_3)
FNDA:15,(anonymous_4)
FNDA:25,(anonymous_5)
FNDA:2,(anonymous_6)
FNDA:42,combinationUtil
FNDA:2,printCombination
FNDA:1,(anonymous_9)
FNDA:5,(anonymous_10)
FNDA:5,(anonymous_11)
FNDA:5,(anonymous_12)
DA:1,1
DA:2,1
DA:6,2
DA:7,2
DA:8,2
DA:9,2
DA:10,1
DA:12,1
DA:20,1
DA:21,2
DA:26,1
DA:27,1
DA:28,1
DA:30,1
DA:31,1
DA:35,2
DA:36,2
DA:45,1
DA:47,1
DA:51,6
DA:52,6
DA:53,6
DA:54,1
DA:56,5
DA:62,5
DA:63,5
DA:69,5
DA:70,1
DA:72,4
DA:73,2
DA:75,2
DA:76,2
DA:77,2
DA:78,2
DA:79,15
DA:80,15
DA:81,25
DA:82,15
DA:83,11
DA:86,15
DA:87,4
DA:91,2
DA:92,1
DA:94,1
DA:95,1
DA:97,5
DA:101,2
DA:102,2
DA:104,42
DA:105,15
DA:106,25
DA:108,15
DA:109,15
DA:110,15
DA:112,15
DA:114,27
DA:115,7
DA:117,20
DA:118,20
DA:119,20
DA:122,2
DA:123,2
DA:125,2
DA:126,2
DA:129,5
DA:130,5
DA:131,5
DA:133,5
DA:136,5
DA:137,5
DA:139,5
DA:145,1
LF:72
LH:72
BRDA:9,0,0,1
BRDA:9,0,1,1
BRDA:9,1,0,2
BRDA:9,1,1,1
BRDA:9,1,2,1
BRDA:53,2,0,1
BRDA:53,2,1,5
BRDA:69,3,0,1
BRDA:69,3,1,4
BRDA:72,4,0,2
BRDA:72,4,1,2
BRDA:80,5,0,15
BRDA:80,5,1,0
BRDA:82,6,0,11
BRDA:82,6,1,4
BRDA:86,7,0,4
BRDA:86,7,1,11
BRDA:91,8,0,1
BRDA:91,8,1,1
BRDA:104,9,0,15
BRDA:104,9,1,27
BRDA:108,10,0,15
BRDA:108,10,1,0
BRDA:114,11,0,7
BRDA:114,11,1,20
BRDA:130,12,0,5
BRDA:130,12,1,0
BRDA:136,13,0,5
BRDA:136,13,1,0
BRF:29
BRH:25
end_of_record
TN:
SF:controllers/users.js
FN:6,(anonymous_0)
FN:16,(anonymous_1)
FN:43,(anonymous_2)
FN:83,(anonymous_3)
FN:95,(anonymous_4)
FN:132,(anonymous_5)
FN:144,(anonymous_6)
FNF:7
FNH:0
FNDA:0,(anonymous_0)
FNDA:0,(anonymous_1)
FNDA:0,(anonymous_2)
FNDA:0,(anonymous_3)
FNDA:0,(anonymous_4)
FNDA:0,(anonymous_5)
FNDA:0,(anonymous_6)
DA:1,1
DA:2,1
DA:3,1
DA:7,0
DA:8,0
DA:10,0
DA:12,0
DA:17,0
DA:18,0
DA:19,0
DA:20,0
DA:21,0
DA:24,0
DA:31,0
DA:37,0
DA:39,0
DA:44,0
DA:45,0
DA:47,0
DA:48,0
DA:50,0
DA:53,0
DA:63,0
DA:83,0
DA:84,0
DA:85,0
DA:89,0
DA:91,0
DA:96,0
DA:97,0
DA:99,0
DA:100,0
DA:102,0
DA:105,0
DA:115,0
DA:132,0
DA:133,0
DA:134,0
DA:138,0
DA:140,0
DA:145,0
DA:146,0
DA:148,0
DA:150,0
DA:152,0
DA:157,1
LF:46
LH:4
BRDA:18,0,0,0
BRDA:18,0,1,0
BRDA:20,1,0,0
BRDA:20,1,1,0
BRDA:47,2,0,0
BRDA:47,2,1,0
BRDA:84,3,0,0
BRDA:84,3,1,0
BRDA:99,4,0,0
BRDA:99,4,1,0
BRDA:133,5,0,0
BRDA:133,5,1,0
BRF:12
BRH:0
end_of_record
TN:
SF:helpers/bcryptjs.js
FN:3,hashPassword
FN:7,comparePassword
FNF:2
FNH:2
FNDA:5,hashPassword
FNDA:1,comparePassword
DA:1,1
DA:4,5
DA:8,1
DA:11,1
LF:4
LH:4
BRF:0
BRH:0
end_of_record
TN:
SF:helpers/jsonwebtoken.js
FN:4,createToken
FN:8,verifyToken
FNF:2
FNH:2
FNDA:1,createToken
FNDA:10,verifyToken
DA:1,1
DA:2,1
DA:5,1
DA:9,10
DA:12,1
LF:5
LH:5
BRF:0
BRH:0
end_of_record
TN:
SF:middlewares/Authentication.js
FN:5,(anonymous_0)
FNF:1
FNH:1
FNDA:11,(anonymous_0)
DA:1,1
DA:2,1
DA:6,11
DA:7,11
DA:8,11
DA:10,10
DA:11,10
DA:13,10
DA:14,10
DA:16,10
DA:17,10
DA:19,10
DA:21,1
DA:26,1
LF:14
LH:14
BRDA:8,0,0,1
BRDA:8,0,1,10
BRDA:11,1,0,0
BRDA:11,1,1,10
BRDA:14,2,0,0
BRDA:14,2,1,10
BRF:6
BRH:4
end_of_record
TN:
SF:middlewares/Authorization.js
FN:4,(anonymous_0)
FN:19,(anonymous_1)
FNF:2
FNH:0
FNDA:0,(anonymous_0)
FNDA:0,(anonymous_1)
DA:1,1
DA:5,0
DA:6,0
DA:8,0
DA:9,0
DA:11,0
DA:13,0
DA:15,0
DA:20,0
DA:21,0
DA:22,0
DA:24,0
DA:29,1
LF:13
LH:2
BRDA:6,0,0,0
BRDA:6,0,1,0
BRDA:6,1,0,0
BRDA:6,1,1,0
BRDA:11,2,0,0
BRDA:11,2,1,0
BRDA:21,3,0,0
BRDA:21,3,1,0
BRDA:21,4,0,0
BRDA:21,4,1,0
BRF:10
BRH:0
end_of_record
TN:
SF:middlewares/errorHandler.js
FN:1,(anonymous_0)
FNF:1
FNH:1
FNDA:8,(anonymous_0)
DA:1,1
DA:2,8
DA:3,8
DA:5,8
DA:6,0
DA:7,0
DA:8,8
DA:9,0
DA:10,0
DA:11,8
DA:12,0
DA:13,0
DA:14,8
DA:15,0
DA:16,0
DA:17,8
DA:18,0
DA:19,0
DA:20,8
DA:24,0
DA:25,0
DA:26,8
DA:27,0
DA:28,0
DA:29,8
DA:30,0
DA:31,0
DA:32,8
DA:36,0
DA:37,0
DA:38,8
DA:39,0
DA:40,0
DA:41,8
DA:47,1
DA:48,1
DA:49,7
DA:50,0
DA:51,0
DA:52,7
DA:53,1
DA:54,1
DA:56,6
DA:57,3
DA:58,3
DA:60,3
DA:61,1
DA:62,1
DA:64,2
DA:65,0
DA:66,0
DA:67,2
DA:68,0
DA:69,0
DA:70,2
DA:71,0
DA:72,2
DA:73,1
DA:74,1
DA:77,8
DA:78,8
DA:81,1
LF:62
LH:35
BRDA:5,0,0,0
BRDA:5,0,1,8
BRDA:8,1,0,0
BRDA:8,1,1,8
BRDA:11,2,0,0
BRDA:11,2,1,8
BRDA:14,3,0,0
BRDA:14,3,1,8
BRDA:17,4,0,0
BRDA:17,4,1,8
BRDA:20,5,0,0
BRDA:20,5,1,8
BRDA:21,6,0,8
BRDA:21,6,1,8
BRDA:26,7,0,0
BRDA:26,7,1,8
BRDA:29,8,0,0
BRDA:29,8,1,8
BRDA:32,9,0,0
BRDA:32,9,1,8
BRDA:33,10,0,8
BRDA:33,10,1,8
BRDA:38,11,0,0
BRDA:38,11,1,8
BRDA:41,12,0,1
BRDA:41,12,1,7
BRDA:42,13,0,8
BRDA:42,13,1,8
BRDA:42,13,2,8
BRDA:42,13,3,7
BRDA:49,14,0,0
BRDA:49,14,1,7
BRDA:52,15,0,1
BRDA:52,15,1,6
BRDA:56,16,0,3
BRDA:56,16,1,3
BRDA:60,17,0,1
BRDA:60,17,1,2
BRDA:64,18,0,0
BRDA:64,18,1,2
BRDA:67,19,0,0
BRDA:67,19,1,2
BRDA:70,20,0,0
BRDA:70,20,1,2
BRDA:70,21,0,2
BRDA:70,21,1,2
BRDA:72,22,0,1
BRDA:72,22,1,1
BRF:48
BRH:34
end_of_record
TN:
SF:models/city.js
FN:3,(anonymous_0)
FN:10,(anonymous_1)
FN:88,(anonymous_2)
FNF:3
FNH:2
FNDA:1,(anonymous_0)
FNDA:1,(anonymous_1)
FNDA:0,(anonymous_2)
DA:2,1
DA:3,1
DA:12,1
DA:15,1
DA:20,1
DA:88,1
DA:89,0
DA:90,0
DA:93,1
LF:9
LH:7
BRF:0
BRH:0
end_of_record
TN:
SF:models/destination.js
FN:3,(anonymous_0)
FN:10,(anonymous_1)
FNF:2
FNH:2
FNDA:1,(anonymous_0)
FNDA:1,(anonymous_1)
DA:2,1
DA:3,1
DA:12,1
DA:17,1
DA:20,1
DA:23,1
DA:26,1
DA:31,1
DA:147,1
LF:9
LH:9
BRF:0
BRH:0
end_of_record
TN:
SF:models/favourite.js
FN:5,(anonymous_0)
FN:12,(anonymous_1)
FNF:2
FNH:2
FNDA:1,(anonymous_0)
FNDA:1,(anonymous_1)
DA:4,1
DA:5,1
DA:14,1
DA:17,1
DA:22,1
DA:43,1
LF:6
LH:6
BRF:0
BRH:0
end_of_record
TN:
SF:models/hotel.js
FN:5,(anonymous_0)
FN:12,(anonymous_1)
FNF:2
FNH:2
FNDA:1,(anonymous_0)
FNDA:1,(anonymous_1)
DA:4,1
DA:5,1
DA:14,1
DA:17,1
DA:20,1
DA:25,1
DA:38,1
LF:7
LH:7
BRF:0
BRH:0
end_of_record
TN:
SF:models/image.js
FN:5,(anonymous_0)
FN:12,(anonymous_1)
FNF:2
FNH:2
FNDA:1,(anonymous_0)
FNDA:1,(anonymous_1)
DA:4,1
DA:5,1
DA:14,1
DA:17,1
DA:22,1
DA:43,1
LF:6
LH:6
BRF:0
BRH:0
end_of_record
TN:
SF:models/index.js
FN:21,(anonymous_0)
FN:24,(anonymous_1)
FN:29,(anonymous_2)
FNF:3
FNH:3
FNDA:10,(anonymous_0)
FNDA:9,(anonymous_1)
FNDA:9,(anonymous_2)
DA:3,1
DA:4,1
DA:5,1
DA:6,1
DA:7,1
DA:8,1
DA:9,1
DA:10,1
DA:13,1
DA:14,0
DA:16,1
DA:19,1
DA:22,10
DA:25,9
DA:26,9
DA:29,1
DA:30,9
DA:31,9
DA:35,1
DA:36,1
DA:38,1
LF:21
LH:20
BRDA:8,0,0,1
BRDA:8,0,1,0
BRDA:13,1,0,0
BRDA:13,1,1,1
BRDA:22,2,0,10
BRDA:22,2,1,10
BRDA:22,2,2,9
BRDA:30,3,0,9
BRDA:30,3,1,0
BRF:9
BRH:6
end_of_record
TN:
SF:models/province.js
FN:5,(anonymous_0)
FN:12,(anonymous_1)
FNF:2
FNH:2
FNDA:1,(anonymous_0)
FNDA:1,(anonymous_1)
DA:4,1
DA:5,1
DA:14,1
DA:19,1
DA:48,1
LF:5
LH:5
BRF:0
BRH:0
end_of_record
TN:
SF:models/review.js
FN:5,(anonymous_0)
FN:12,(anonymous_1)
FNF:2
FNH:2
FNDA:1,(anonymous_0)
FNDA:1,(anonymous_1)
DA:4,1
DA:5,1
DA:14,1
DA:17,1
DA:20,1
DA:25,1
DA:105,1
LF:7
LH:7
BRF:0
BRH:0
end_of_record
TN:
SF:models/travelstep.js
FN:5,(anonymous_0)
FN:12,(anonymous_1)
FNF:2
FNH:2
FNDA:1,(anonymous_0)
FNDA:1,(anonymous_1)
DA:4,1
DA:5,1
DA:13,1
DA:18,1
DA:26,1
LF:5
LH:5
BRF:0
BRH:0
end_of_record
TN:
SF:models/user.js
FN:6,(anonymous_0)
FN:13,(anonymous_1)
FN:81,(anonymous_2)
FN:106,(anonymous_3)
FN:110,(anonymous_4)
FNF:5
FNH:2
FNDA:1,(anonymous_0)
FNDA:1,(anonymous_1)
FNDA:0,(anonymous_2)
FNDA:0,(anonymous_3)
FNDA:0,(anonymous_4)
DA:4,1
DA:5,1
DA:6,1
DA:15,1
DA:18,1
DA:21,1
DA:26,1
DA:82,0
DA:83,0
DA:106,1
DA:107,0
DA:110,1
DA:111,0
DA:118,1
LF:14
LH:10
BRDA:82,0,0,0
BRDA:82,0,1,0
BRDA:82,1,0,0
BRDA:82,1,1,0
BRF:4
BRH:0
end_of_record
TN:
SF:routers/cities.js
FNF:0
FNH:0
DA:1,1
DA:2,1
DA:4,1
DA:5,1
DA:6,1
DA:7,1
DA:9,1
LF:7
LH:7
BRF:0
BRH:0
end_of_record
TN:
SF:routers/destinations.js
FNF:0
FNH:0
DA:1,1
DA:3,1
DA:5,1
DA:6,1
DA:7,1
DA:9,1
LF:6
LH:6
BRF:0
BRH:0
end_of_record
TN:
SF:routers/hotels.js
FNF:0
FNH:0
DA:1,1
DA:3,1
DA:6,1
DA:7,1
DA:11,1
LF:5
LH:5
BRF:0
BRH:0
end_of_record
TN:
SF:routers/index.js
FNF:0
FNH:0
DA:1,1
DA:2,1
DA:3,1
DA:4,1
DA:6,1
DA:7,1
DA:8,1
DA:9,1
DA:10,1
DA:11,1
DA:12,1
DA:13,1
DA:16,1
DA:17,1
DA:19,1
DA:20,1
DA:21,1
DA:24,1
DA:27,1
DA:30,1
DA:33,1
DA:35,1
DA:36,1
DA:39,1
DA:41,1
LF:25
LH:25
BRF:0
BRH:0
end_of_record
TN:
SF:routers/midtrans.js
FNF:0
FNH:0
DA:1,1
DA:2,1
DA:4,1
DA:6,1
LF:4
LH:4
BRF:0
BRH:0
end_of_record
TN:
SF:routers/provinces.js
FNF:0
FNH:0
DA:1,1
DA:2,1
DA:3,1
DA:5,1
DA:6,1
DA:7,1
DA:9,1
LF:7
LH:7
BRF:0
BRH:0
end_of_record
TN:
SF:routers/public.js
FNF:0
FNH:0
DA:1,1
DA:2,1
DA:3,1
DA:4,1
DA:5,1
DA:8,1
DA:11,1
DA:12,1
DA:15,1
DA:16,1
DA:19,1
DA:20,1
DA:21,1
DA:24,1
LF:14
LH:14
BRF:0
BRH:0
end_of_record
TN:
SF:routers/reviews.js
FNF:0
FNH:0
DA:1,1
DA:2,1
DA:3,1
DA:5,1
DA:6,1
DA:11,1
DA:16,1
DA:20,1
DA:25,1
LF:9
LH:9
BRF:0
BRH:0
end_of_record
TN:
SF:routers/travelSteps.js
FNF:0
FNH:0
DA:1,1
DA:3,1
DA:5,1
DA:6,1
DA:7,1
DA:9,1
LF:6
LH:6
BRF:0
BRH:0
end_of_record
TN:
SF:routers/users.js
FNF:0
FNH:0
DA:1,1
DA:2,1
DA:5,1
DA:6,1
DA:7,1
DA:8,1
DA:9,1
DA:11,1
LF:8
LH:8
BRF:0
BRH:0
end_of_record
